1
 
 
 
 
                      Warning: This computer program is protected by copyright law and international treaties.       
                  Unauthorized use, reproduction or distribution of this computer program, or any portion of it, may 
                                          result in severe civil and criminal penalties.                             
                         Copyright (C) 2020 MSC Software Corporation and its licensors. All rights reserved.         
 
 
                                              * * * * * * * * * * * * * * * * * * * *
                                              * * * * * * * * * * * * * * * * * * * *
                                              * *                                 * *
                                              * *           MSC Software          * *
                                              * *               CORP              * *
                                              * *                                 * *
                                              * *      M S C   N a s t r a n      * *
                                              * *                                 * *
                                              * *  S T U D E N T   E D I T I O N  * *
                                              * *                                 * *
                                              * *     Version 2020SP1-CL749017    * *
                                              * *                                 * *
                                              * *                                 * *
                                              * *                                 * *
                                              * *          AUG  4, 2020           * *
                                              * *                                 * *
                                              * *              Intel              * *
                                              * *MODEL Xeon/3216 (DESKTOP-94LPFGG * *
                                              * *    Windows 10 Home 6.2 9200     * *
                                              * * Compiled for 8664 (SINGLE Mode) * *
                                              * *                                 * *
                                              * * * * * * * * * * * * * * * * * * * *
                                              * * * * * * * * * * * * * * * * * * * *

 
 
                                                 This Student Edition version is  
                                                    valid until APR 30, 2022.     
 
 
                  This program is being distributed as part of the MSC Software Student Edition. Use of this program 
                     or its results at a commercial installation, for commercial purposes, or for production work    
                                             I S   S T R I C T L Y  P R O H I B I T E D.                             
                  ==================================== FOR EDUCATIONAL USE ONLY =====================================
 
 
1News file - July 31, 2020)
  
               Welcome to MSC Nastran 2020 Service Pack 1 (2020 SP1)
  
  
   MSC Nastran brings powerful new features and enhancements for engineering
   solutions.
  
     MSC Nastran 2020 SP1 corrects four defects, evident in version 2020,
     that concern the import of Nastran Embedded Fatigue and acoustic pressure
     results into Patran, corrects a licensing defect concerning the
     TABLRPC entry, and shell elements SFRP failure indicator output in
     the Digimat-to-SOL 400 MATDIGI interface.
  
     MSC Nastran 2020 SP1 Features and Enhancements
  
     Dynamics
     - Data recovery of Poroelastic material (PEM) trim parts interior grids.
     - New PLTSURF entry introduced for easier PEM parts coupling surface
       defintions.
     - Restart support for models with invariant PEM components.
     - Temperature dependency added for frequency dependent materials.
     - SOL 108 (direct frequency response) support added for models with PEM
       parts.
  
     Rotordynamics
     - New 2D Bush (CBUSH2DA) and Squeeze File Damper (NLRSFDA) user-defined
       subroutines enabled to include inertia & acceleration terms respectively.
     - Integration of user-defined squeeze file damper libraries.
     - Cross-coupling inertia terms specification for 2D Bush (CBUSH2D) element.
     - Frequency dependent 2D Bush (PBSH2DT) property with tabular input.
  
     Composites
     - Layered Solid and Solid-Shell elements available in linear solutions.
  
     Fatigue
     - Control of the number of angles to be analyzed when using critical plane
       analysis.
     - New stress/strain output requests via FATIGUE case control.
     - More control over the amound of results data returned at critical
       locations.
     - Significant performance improvement of SOL 112 duty cycle jobs.
     - Direct access to dynamic load data in multi-channel time histroy files via
       new TABLRPC entry.
  
     Topology Optimization
     - Anisotropic materials support added.
     - Over-hang constraints for additive manufacturing.
     - New DRESP2 response types: Magnigtude of Displacement and
       maximization of stiffness and frequency.
1 
     Nonlinear
     - Nonlinear Buckling available in SOL 400
     - Allow represtentation of imperfect structural geometry through
       use modification of grid coordinates based on displacements or
       modes from a previous run.
     - MATVE limitation of five scale factor/time constraint data pairs
       removed.
  
     HPC
     - CASI (Iterative) Solver support available for inertia relief analysis.
     - Faster Global Transformation Matrix for ACMS to speed up Nastran
       interface to MSC Adams and AVL EXCITE.
     - Improved GPU acceleration for FASTFR (Fast Frequency Response) and
       MPYAD for large models.
  
     Nastran HDF5
     - Support NLLOAD outputs in HDF5
     - Add KHH/MHH/BHH matrix output control
     - Support nonlinear buckling and imperfection outputs
     - Support layered solid and solid shell composite elements
  
  
     Documentation
     The complete documentation set is provided in a separate installer and
     when installed is available at: MSC_DOC_DIR/doc/pdf_nastran directory.
     Where MSC_DOC_DIR is the directory where documentation was installed
     This help set has cross references between documents, links to how-to
     videos, and example files.
  
     Individual MSC Nastran documents are available for download from the
       Simcompanion Website at:
       http://simcompanion.mscsoftware.com/
  
     These documents were updated for the MSC Nastran 2020 SP1 Release
  
         1.  Installation and Operations Guide
         2.  Quick Reference Guide
         3.  Release Guide
         4.  Linear Statics Analysis User's Guide
         5.  Dynamic Analysis User's Guide
         6.  Superelements User's Guide
         7.  Rotordynamics User's Guide
         8.  Demonstration Problems Manual
         9.  Nastran Embedded Fatigue User's Guide
        10.  Design Sensitivity and Optimization
        11.   Nonlinear User's Guide SOL 400
        12.  DMAP Programmer's Guide
        13.  High Performance Computing User's Guide
        14.  DEMATD Guide
1       15.  Explicit Nonlinear (SOL 700) User's Guide
  
   Please refer to  MSC_DOC_DIR/doc/pdf_nastran/nastran_library.pdf
   for the complete document set:
  
  
   Feature Deprecation List
   To streamline the MSC Nastran program and simplify ongoing maintenance
   activiy, some obsolete capabilities have been identified and tagged for
   removal from a future release of the program in late 2020. Please review
   the list of features marked for deprecation below to ensure that there
   will be no disruption to your use of MSC Nastran. If you see a feature
   that you currently use and do not wish to lose, contact MSC Technical
   Support to report it.
  
     Features tagged for removal:
     - P-elements
     - SOL 600 nonlinear solution sequence
     - Unstructured one- and two-digit solution sequences (e.g. SOL 3, SOL 24)
     - SOL 190 (DBTRANS)
     - TAUCS solver
     - MSGMESH
     - Obsolete DMAP modules
     - SSSALTERS
  
     Refer to the MSC Nastran 2020 Release Guide for more details.
  
  
   Additional information about the release can be found at the MSC Nastran
   Product Support page: http://simcompanion.mscsoftware.com
  
   The support page provides links to these valuable information:
      * A searchable Knowledge Base containing examples and answers to thousands
        of frequently asked questions written by MSC Software subject-matter
        experts.
      * Peer-to-peer Discussion Forums enabling you to post questions for your
        MSC Software products and receive answers from other users worldwide.
      * A list of known issues with the product and any workarounds.
      * Instructions on how to contact technical support
      * A mechanism for sending us product feedback or enhancement requests.
      * Hardware and software requirements.
      * Examples and Tutorials
      * and much more.
  
   For information on training, please visit our Training web site
  
      http://www.mscsoftware.com/Contents/Services/Training/
  
1                                                       **STUDENT EDITION*      MAY  17, 2021  MSC Nastran  8/ 4/20   PAGE     1
                                                                                                                                    
0        N A S T R A N    F I L E    A N D    S Y S T E M    P A R A M E T E R    E C H O                                           
0                                                                                                                                   
                                                                                                                                    
                                                                                                                                    
     NASTRAN BUFFSIZE=8193 $(C:/PROGRAM FILES/MSC.SOFTWARE/NAPA_SE/2020/NASTRAN/CONF/
     $ DIRECT TEXT INPUT FOR NASTRAN SYSTEM CELL SECTION                             
     NASTRAN SYSTEM(151)=1                                                           
     NASTRAN BUFFSIZE=65537                                                          
     NASTRAN DBCFACT=4                                                               
1                                                       **STUDENT EDITION*      MAY  17, 2021  MSC Nastran  8/ 4/20   PAGE     2
                                                                                                                                    
0        N A S T R A N    E X E C U T I V E    C O N T R O L    E C H O                                                             
0                                                                                                                                   
                                                                                                                                    
                                                                                                                                    
     SOL 101                                                                                 
     CEND                                                                                    
1    QUASI_STATIC_X                                     **STUDENT EDITION*      MAY  17, 2021  MSC Nastran  8/ 4/20   PAGE     3
                                                                                                                                    
0                                                                                                                                   
0                                        C A S E    C O N T R O L    E C H O                                                        
                 COMMAND                                                                                                            
                 COUNT                                                                                                              
                  1      $ DIRECT TEXT INPUT FOR GLOBAL CASE CONTROL DATA                                        
                  2      TITLE = QUASI_STATIC_X                                                                  
                  3      ECHO = NONE                                                                             
                  4      LINES=50000                                                                             
                  5      SUBCASE 1                                                                               
                  6       $SUBCASE NAME : QSTATIC_X                                                              
                  7         SUBTITLE=QSTATIC_X                                                                   
                  8         SPC = 2                                                                              
                  9         LOAD = 11                                                                            
                 10      $   DISPLACEMENT(SORT1,REAL)=ALL                                                        
                 11         SET 102 =  2 THRU 13                                                                 
                 12         SPCFORCES(SORT1,PHASE)=ALL                                                           
                 13         FORCES(SORT1,PHASE)=102                                                              
                 14         STRESS(PLOT,SORT1,REAL,VONMISES,BILIN)=ALL                                           
                 15         WEIGHTCHECK(PRINT, SET=ALL) = YES                                                    
                 16      BEGIN BULK                                                                              
1    QUASI_STATIC_X                                     **STUDENT EDITION*      MAY  17, 2021  MSC Nastran  8/ 4/20   PAGE     4
                                                                                                                                    
0                                                                                                                                   
                                              I N P U T   B U L K   D A T A   E C H O                                               
                 ENTRY                                                                                                              
                 COUNT        .   1  ..   2  ..   3  ..   4  ..   5  ..   6  ..   7  ..   8  ..   9  ..  10  .                      
                              $INCLUDE "c:\EUEP2\Git\EUE\Practica_2\BB\Iteraciones\it.26\BB_G1_Ti\Cabeceros_I\Shell.bdf"
                              $INCLUDE "c:\EUEP2\Git\EUE\Practica_2\BB\Iteraciones\it.26\BB_G1_Ti\Cabeceros_I\Shell.bdf"
                              $END OF INCLUDE "c:\EUEP2\Git\EUE\Practica_2\BB\Iteraciones\it.26\BB_G1_Ti\Cabeceros_I\Shell.bdf"
                              $INCLUDE "c:\EUEP2\Git\EUE\Practica_2\BB\Iteraciones\it.26\BB_G1_Ti\Cabeceros_I\Rig_Ext.bdf"
                              $END OF INCLUDE "c:\EUEP2\Git\EUE\Practica_2\BB\Iteraciones\it.26\BB_G1_Ti\Cabeceros_I\Rig_Ext.bdf"
                              $INCLUDE "c:\EUEP2\Git\EUE\Practica_2\BB\Iteraciones\it.26\BB_G1_Ti\Cabeceros_I\Rig_Int.bdf"
                              $END OF INCLUDE "c:\EUEP2\Git\EUE\Practica_2\BB\Iteraciones\it.26\BB_G1_Ti\Cabeceros_I\Rig_Int.bdf"
                              $END OF INCLUDE "c:\EUEP2\Git\EUE\Practica_2\BB\Iteraciones\it.26\BB_G1_Ti\Cabeceros_I\Rig_Int.bdf"
1    QUASI_STATIC_X                                     **STUDENT EDITION*      MAY  17, 2021  MSC Nastran  8/ 4/20   PAGE     5
                                                                                                                                    
0                                                                                                                                   
                                        M O D E L   S U M M A R Y          BULK = 0
                                   ENTRY NAME        NUMBER OF ENTRIES
                                   ----------        -----------------
                                         CBAR                      252
                                        CBUSH                       12
                                        CONM2                        2
                                       CQUAD4                      784
                                         GRAV                        3
                                         GRID                      843
                                         LOAD                        1
                                         MAT1                        1
                                        PARAM                        2
                                        PBARL                        2
                                        PBUSH                        1
                                       PSHELL                        1
                                         RBE2                        2
                                         SPC1                        1
                                       SPCADD                        1

 ^^^     
 ^^^ >>> IFP OPERATIONS COMPLETE <<< 
 ^^^     
1    QUASI_STATIC_X                                     **STUDENT EDITION*      MAY  17, 2021  MSC Nastran  8/ 4/20   PAGE     6
                                                                                                                                    
0                                                                                                                                   
                                           O U T P U T   F R O M   W E I G H T   C H E C K
0                                                     DEGREES OF FREEDOM SET = J       
0                                                     REFERENCE POINT =        0
                                                                M O
                      *  5.915872E+01 -6.944050E-20  0.000000E+00  0.000000E+00  1.740687E+01  4.895362E-09 *
                      * -6.944050E-20  5.915872E+01  0.000000E+00 -1.740687E+01  0.000000E+00  3.258810E-09 *
                      *  0.000000E+00  0.000000E+00  5.915872E+01 -4.895362E-09 -3.258810E-09  0.000000E+00 *
                      *  0.000000E+00 -1.740687E+01 -4.895362E-09  6.403581E+00  1.568578E-10  1.672196E-11 *
                      *  1.740687E+01  0.000000E+00 -3.258810E-09  1.568578E-10  6.403581E+00 -2.628007E-11 *
                      *  4.895362E-09  3.258810E-09  0.000000E+00  1.672196E-11 -2.628007E-11  1.425254E-01 *
                                                                 S
                                           *  1.000000E+00  0.000000E+00  0.000000E+00 *
                                           *  0.000000E+00  1.000000E+00  0.000000E+00 *
                                           *  0.000000E+00  0.000000E+00  1.000000E+00 *
                               DIRECTION
                          MASS AXIS SYSTEM (S)     MASS              X-C.G.        Y-C.G.        Z-C.G.
                                  X            5.915872E+01      0.000000E+00 -8.274962E-11  2.942401E-01
                                  Y            5.915872E+01      5.508587E-11  0.000000E+00  2.942401E-01
                                  Z            5.915872E+01      5.508587E-11 -8.274962E-11  0.000000E+00
                                                                I(S)
                                           *  1.281781E+00 -1.568578E-10 -9.755946E-10 *
                                           * -1.568578E-10  1.281781E+00  1.466692E-09 *
                                           * -9.755946E-10  1.466692E-09  1.425254E-01 *
                                                                I(Q)
                                           *  1.281781E+00                             *
                                           *                1.281781E+00               *
                                           *                              1.425254E-01 *
                                                                 Q
                                           *  1.000000E+00  0.000000E+00  0.000000E+00 *
                                           *  0.000000E+00  1.000000E+00  0.000000E+00 *
                                           *  0.000000E+00  0.000000E+00  1.000000E+00 *

1    QUASI_STATIC_X                                     **STUDENT EDITION*      MAY  17, 2021  MSC Nastran  8/ 4/20   PAGE     7
                                                                                                                                    
0                                                                                                                                   
1    QUASI_STATIC_X                                     **STUDENT EDITION*      MAY  17, 2021  MSC Nastran  8/ 4/20   PAGE     8
                                                                                                                                    
0                                                                                                                                   
 *** USER INFORMATION MESSAGE 7310 (VECPRN)
     ORIGIN OF SUPERELEMENT OR MODULE BASIC COORDINATE SYSTEM WILL BE USED AS REFERENCE LOCATION.
     RESULTANTS ABOUT ORIGIN OF SUPERELEMENT OR MODULE BASIC COORDINATE SYSTEM IN SUPERELEMENT OR MODULE
     BASIC SYSTEM COORDINATES.
0                                                  OLOAD    RESULTANT       
  SUBCASE/    LOAD
  DAREA ID    TYPE       T1            T2            T3            R1            R2            R3
0        1     FX    2.901735E+04     ----          ----          ----       8.545295E+03  2.401175E-06                             
               FY       ----      -3.406057E-17     ----       0.000000E+00     ----       7.301266E-17                             
               FZ       ----          ----       0.000000E+00  0.000000E+00  0.000000E+00     ----                                  
               MX       ----          ----          ----       0.000000E+00     ----          ----                                  
               MY       ----          ----          ----          ----      -7.224854E+00     ----                                  
               MZ       ----          ----          ----          ----          ----       0.000000E+00                             
             TOTALS  2.901735E+04 -3.406057E-17  0.000000E+00  0.000000E+00  8.538070E+03  2.401175E-06
1    QUASI_STATIC_X                                     **STUDENT EDITION*      MAY  17, 2021  MSC Nastran  8/ 4/20   PAGE     9
                                                                                                                                    
0                                                                                                            SUBCASE 1              
  
 *** SYSTEM INFORMATION MESSAGE 4159 (DFMSA)
     THE DECOMPOSITION OF KLL      YIELDS A MAXIMUM MATRIX-TO-FACTOR-DIAGONAL RATIO OF    2.396958E+03
 *** USER INFORMATION MESSAGE 5293 (SSG3A)
    FOR DATA BLOCK KLL     
    LOAD SEQ. NO.             EPSILON              EXTERNAL WORK      EPSILONS LARGER THAN 0.001 ARE FLAGGED WITH ASTERISKS
                1          1.5253760E-12          2.6878059E+01
1    QUASI_STATIC_X                                     **STUDENT EDITION*      MAY  17, 2021  MSC Nastran  8/ 4/20   PAGE    10
                                                                                                                                    
0                                                                                                                                   
 *** USER INFORMATION MESSAGE 7310 (VECPRN)
     ORIGIN OF SUPERELEMENT OR MODULE BASIC COORDINATE SYSTEM WILL BE USED AS REFERENCE LOCATION.
     RESULTANTS ABOUT ORIGIN OF SUPERELEMENT OR MODULE BASIC COORDINATE SYSTEM IN SUPERELEMENT OR MODULE
     BASIC SYSTEM COORDINATES.
0                                                  SPCFORCE RESULTANT       
  SUBCASE/    LOAD
  DAREA ID    TYPE       T1            T2            T3            R1            R2            R3
0        1     FX   -2.901735E+04     ----          ----          ----       5.803470E+02  1.262012E-05                             
               FY       ----       1.277663E-10     ----       2.556488E-12     ----      -1.497704E-05                             
               FZ       ----          ----      -6.375896E-11 -8.334617E-03 -7.510246E+03     ----                                  
               MX       ----          ----          ----       8.334616E-03     ----          ----                                  
               MY       ----          ----          ----          ----      -1.608170E+03     ----                                  
               MZ       ----          ----          ----          ----          ----      -3.939088E-08                             
             TOTALS -2.901735E+04  1.277663E-10 -6.375896E-11 -2.097996E-10 -8.538070E+03 -2.396318E-06
1    QUASI_STATIC_X                                     **STUDENT EDITION*      MAY  17, 2021  MSC Nastran  8/ 4/20   PAGE    11
                                                                                                                                    
0                                                                                                                                   
0                                                  MAXIMUM  SPCFORCES       
  SUBCASE/
  DAREA ID        T1             T2             T3             R1             R2             R3
0        1   4.1630852E+03  6.2603976E+02  1.9122039E+04  1.0654767E+01  4.4811397E+02  3.6497962E-02
1    QUASI_STATIC_X                                     **STUDENT EDITION*      MAY  17, 2021  MSC Nastran  8/ 4/20   PAGE    12
                                                                                                                                    
0                                                                                                                                   
0                                                  MAXIMUM  DISPLACEMENTS   
  SUBCASE/
  DAREA ID        T1             T2             T3             R1             R2             R3
0        1   2.5236176E-03  1.1780961E-05  1.5118875E-03  1.0921811E-02  2.6345157E-02  1.1916945E-03
1    QUASI_STATIC_X                                     **STUDENT EDITION*      MAY  17, 2021  MSC Nastran  8/ 4/20   PAGE    13
                                                                                                                                    
0                                                                                                                                   
0                                                  MAXIMUM  APPLIED LOADS   
  SUBCASE/
  DAREA ID        T1             T2             T3             R1             R2             R3
0        1   2.1248460E+04  2.9249064E-16  0.0000000E+00  0.0000000E+00  1.2494234E-01  0.0000000E+00
 *** USER WARNING MESSAGE 6418 (SDR2A)
     THE BILIN OPTION FOR STRESSES OVERRIDES ALL OTHER OPTIONS IN STRAIN AND FORCE COMMANDS.
1    QUASI_STATIC_X                                     **STUDENT EDITION*      MAY  17, 2021  MSC Nastran  8/ 4/20   PAGE    14
     QSTATIC_X                                                                                                                      
0                                                                                                            SUBCASE 1              
 
                               F O R C E S   O F   S I N G L E - P O I N T   C O N S T R A I N T
 
      POINT ID.   TYPE          T1             T2             T3             R1             R2             R3
            11      G     -4.162907E+03   6.255465E+02   1.192101E+03  -1.401202E+00  -7.248210E+01  -3.649796E-02
            12      G     -3.635588E+03   2.875861E+02   7.164024E+02  -1.065477E+01  -7.799727E+01   2.067730E-02
            13      G     -3.635884E+03  -2.872611E+02  -7.164504E+02   1.064901E+01  -7.800429E+01   2.067581E-02
            14      G     -4.163085E+03  -6.260398E+02  -1.192069E+03   1.413891E+00  -7.248718E+01  -3.649624E-02
            15      G     -4.162908E+03   6.255464E+02  -1.192101E+03  -1.401203E+00  -7.248211E+01   3.649792E-02
            16      G     -3.635588E+03   2.875862E+02  -7.164023E+02  -1.065477E+01  -7.799727E+01  -2.067732E-02
            17      G     -3.635883E+03  -2.872609E+02   7.164504E+02   1.064901E+01  -7.800428E+01  -2.067582E-02
            18      G     -4.163085E+03  -6.260395E+02   1.192068E+03   1.413895E+00  -7.248718E+01   3.649625E-02
            19      G      3.646369E+03   7.427010E-02  -1.912204E+04  -1.357776E-03  -4.481140E+02   6.929402E-07
            20      G     -2.557581E+03   9.414504E-02   2.469077E-04  -1.377308E-03  -5.500042E+01  -2.902367E-02
            21      G      3.646369E+03   7.374968E-02   1.912204E+04  -1.391868E-03  -4.481139E+02  -6.902367E-07
            22      G     -2.557580E+03   9.374042E-02   7.469827E-04  -1.399747E-03  -5.500042E+01   2.902367E-02
1    QUASI_STATIC_X                                     **STUDENT EDITION*      MAY  17, 2021  MSC Nastran  8/ 4/20   PAGE    15
     QSTATIC_X                                                                                                                      
0                                                                                                            SUBCASE 1              
 
                                 F O R C E S   I N   B U S H   E L E M E N T S        ( C B U S H )
 
                  ELEMENT-ID        FORCE-X       FORCE-Y       FORCE-Z      MOMENT-X      MOMENT-Y      MOMENT-Z  
0                          2     -1.192101E+03  6.255465E+02 -4.162907E+03  3.649796E-02 -3.085303E+01  4.854263E+00
0                          3     -7.164024E+02  2.875861E+02 -3.635588E+03 -2.067730E-02 -4.164139E+01 -7.778906E+00
0                          4     -2.469077E-04  9.414504E-02 -2.557581E+03  2.902367E-02 -2.942461E+01 -4.358574E-04
0                          5      7.164504E+02 -2.872611E+02 -3.635884E+03 -2.067581E-02 -4.164545E+01  7.776397E+00
0                          6      1.192069E+03 -6.260398E+02 -4.163085E+03  3.649624E-02 -3.085632E+01 -4.846507E+00
0                          7      1.912204E+04  7.427010E-02  3.646369E+03 -6.929402E-07 -4.845777E+02 -6.150746E-04
0                          8      1.192101E+03  6.255464E+02 -4.162908E+03 -3.649792E-02 -3.085303E+01  4.854261E+00
0                          9      7.164023E+02  2.875862E+02 -3.635588E+03  2.067732E-02 -4.164139E+01 -7.778904E+00
0                         10     -7.469827E-04  9.374042E-02 -2.557580E+03 -2.902367E-02 -2.942461E+01 -4.623432E-04
0                         11     -7.164504E+02 -2.872609E+02 -3.635883E+03  2.067582E-02 -4.164545E+01  7.776397E+00
0                         12     -1.192068E+03 -6.260395E+02 -4.163085E+03 -3.649625E-02 -3.085633E+01 -4.846499E+00
0                         13     -1.912204E+04  7.374968E-02  3.646369E+03  6.902367E-07 -4.845776E+02 -6.543708E-04
1    QUASI_STATIC_X                                     **STUDENT EDITION*      MAY  17, 2021  MSC Nastran  8/ 4/20   PAGE    16
                                                                                                                                    
0                                                                                                                                   
 * * * *  D B D I C T   P R I N T  * * * *      SUBDMAP = PRTSUM  ,  DMAP STATEMENT NO.     71



0                                   * * * *  A N A L Y S I S  S U M M A R Y  T A B L E  * * * *
0 SEID  PEID PROJ VERS APRCH      SEMG SEMR SEKR SELG SELR MODES DYNRED SOLLIN PVALID SOLNL LOOPID DESIGN CYCLE SENSITIVITY
 --------------------------------------------------------------------------------------------------------------------------
     0     0    1    1 '        '    T    T    T    T    T     F      F      T      0     F     -1            0           F
0SEID = SUPERELEMENT ID.
 PEID = PRIMARY SUPERELEMENT ID OF IMAGE SUPERELEMENT.
 PROJ = PROJECT ID NUMBER.
 VERS = VERSION ID.
 APRCH = BLANK FOR STRUCTURAL ANALYSIS.  HEAT FOR HEAT TRANSFER ANALYSIS.
 SEMG = STIFFNESS AND MASS MATRIX GENERATION STEP.
 SEMR = MASS MATRIX REDUCTION STEP (INCLUDES EIGENVALUE SOLUTION FOR MODES).
 SEKR = STIFFNESS MATRIX REDUCTION STEP.
 SELG = LOAD MATRIX GENERATION STEP.
 SELR = LOAD MATRIX REDUCTION STEP. 
 MODES = T (TRUE) IF NORMAL MODES OR BUCKLING MODES CALCULATED.
 DYNRED = T (TRUE) MEANS GENERALIZED DYNAMIC AND/OR COMPONENT MODE REDUCTION PERFORMED.
 SOLLIN = T (TRUE) IF LINEAR SOLUTION EXISTS IN DATABASE.
 PVALID = P-DISTRIBUTION ID OF P-VALUE FOR P-ELEMENTS
 LOOPID = THE LAST LOOPID VALUE USED IN THE NONLINEAR ANALYSIS.  USEFUL FOR RESTARTS.
 SOLNL = T (TRUE) IF NONLINEAR SOLUTION EXISTS IN DATABASE.
 DESIGN CYCLE = THE LAST DESIGN CYCLE (ONLY VALID IN OPTIMIZATION).
 SENSITIVITY = SENSITIVITY MATRIX GENERATION FLAG.
 
 No PARAM values were set in the Control File.
 
1                                        * * * END OF JOB * * *
 
 
 No Symbolic Replacement variables or values were specified.

