1
 
 
 
 
                      Warning: This computer program is protected by copyright law and international treaties.       
                  Unauthorized use, reproduction or distribution of this computer program, or any portion of it, may 
                                          result in severe civil and criminal penalties.                             
                         Copyright (C) 2020 MSC Software Corporation and its licensors. All rights reserved.         
 
 
                                              * * * * * * * * * * * * * * * * * * * *
                                              * * * * * * * * * * * * * * * * * * * *
                                              * *                                 * *
                                              * *           MSC Software          * *
                                              * *               CORP              * *
                                              * *                                 * *
                                              * *      M S C   N a s t r a n      * *
                                              * *                                 * *
                                              * *  S T U D E N T   E D I T I O N  * *
                                              * *                                 * *
                                              * *     Version 2020SP1-CL749017    * *
                                              * *                                 * *
                                              * *                                 * *
                                              * *                                 * *
                                              * *          AUG  4, 2020           * *
                                              * *                                 * *
                                              * *              Intel              * *
                                              * *MODEL Xeon/1721 (DESKTOP-NHC7R5K * *
                                              * *     Windows 10 Pro 6.2 9200     * *
                                              * * Compiled for 8664 (SINGLE Mode) * *
                                              * *                                 * *
                                              * * * * * * * * * * * * * * * * * * * *
                                              * * * * * * * * * * * * * * * * * * * *

 
 
                                                 This Student Edition version is  
                                                    valid until APR 30, 2022.     
 
 
                  This program is being distributed as part of the MSC Software Student Edition. Use of this program 
                     or its results at a commercial installation, for commercial purposes, or for production work    
                                             I S   S T R I C T L Y  P R O H I B I T E D.                             
                  ==================================== FOR EDUCATIONAL USE ONLY =====================================
 
 
1News file - July 31, 2020)
  
               Welcome to MSC Nastran 2020 Service Pack 1 (2020 SP1)
  
  
   MSC Nastran brings powerful new features and enhancements for engineering
   solutions.
  
     MSC Nastran 2020 SP1 corrects four defects, evident in version 2020,
     that concern the import of Nastran Embedded Fatigue and acoustic pressure
     results into Patran, corrects a licensing defect concerning the
     TABLRPC entry, and shell elements SFRP failure indicator output in
     the Digimat-to-SOL 400 MATDIGI interface.
  
     MSC Nastran 2020 SP1 Features and Enhancements
  
     Dynamics
     - Data recovery of Poroelastic material (PEM) trim parts interior grids.
     - New PLTSURF entry introduced for easier PEM parts coupling surface
       defintions.
     - Restart support for models with invariant PEM components.
     - Temperature dependency added for frequency dependent materials.
     - SOL 108 (direct frequency response) support added for models with PEM
       parts.
  
     Rotordynamics
     - New 2D Bush (CBUSH2DA) and Squeeze File Damper (NLRSFDA) user-defined
       subroutines enabled to include inertia & acceleration terms respectively.
     - Integration of user-defined squeeze file damper libraries.
     - Cross-coupling inertia terms specification for 2D Bush (CBUSH2D) element.
     - Frequency dependent 2D Bush (PBSH2DT) property with tabular input.
  
     Composites
     - Layered Solid and Solid-Shell elements available in linear solutions.
  
     Fatigue
     - Control of the number of angles to be analyzed when using critical plane
       analysis.
     - New stress/strain output requests via FATIGUE case control.
     - More control over the amound of results data returned at critical
       locations.
     - Significant performance improvement of SOL 112 duty cycle jobs.
     - Direct access to dynamic load data in multi-channel time histroy files via
       new TABLRPC entry.
  
     Topology Optimization
     - Anisotropic materials support added.
     - Over-hang constraints for additive manufacturing.
     - New DRESP2 response types: Magnigtude of Displacement and
       maximization of stiffness and frequency.
1 
     Nonlinear
     - Nonlinear Buckling available in SOL 400
     - Allow represtentation of imperfect structural geometry through
       use modification of grid coordinates based on displacements or
       modes from a previous run.
     - MATVE limitation of five scale factor/time constraint data pairs
       removed.
  
     HPC
     - CASI (Iterative) Solver support available for inertia relief analysis.
     - Faster Global Transformation Matrix for ACMS to speed up Nastran
       interface to MSC Adams and AVL EXCITE.
     - Improved GPU acceleration for FASTFR (Fast Frequency Response) and
       MPYAD for large models.
  
     Nastran HDF5
     - Support NLLOAD outputs in HDF5
     - Add KHH/MHH/BHH matrix output control
     - Support nonlinear buckling and imperfection outputs
     - Support layered solid and solid shell composite elements
  
  
     Documentation
     The complete documentation set is provided in a separate installer and
     when installed is available at: MSC_DOC_DIR/doc/pdf_nastran directory.
     Where MSC_DOC_DIR is the directory where documentation was installed
     This help set has cross references between documents, links to how-to
     videos, and example files.
  
     Individual MSC Nastran documents are available for download from the
       Simcompanion Website at:
       http://simcompanion.mscsoftware.com/
  
     These documents were updated for the MSC Nastran 2020 SP1 Release
  
         1.  Installation and Operations Guide
         2.  Quick Reference Guide
         3.  Release Guide
         4.  Linear Statics Analysis User's Guide
         5.  Dynamic Analysis User's Guide
         6.  Superelements User's Guide
         7.  Rotordynamics User's Guide
         8.  Demonstration Problems Manual
         9.  Nastran Embedded Fatigue User's Guide
        10.  Design Sensitivity and Optimization
        11.   Nonlinear User's Guide SOL 400
        12.  DMAP Programmer's Guide
        13.  High Performance Computing User's Guide
        14.  DEMATD Guide
1       15.  Explicit Nonlinear (SOL 700) User's Guide
  
   Please refer to  MSC_DOC_DIR/doc/pdf_nastran/nastran_library.pdf
   for the complete document set:
  
  
   Feature Deprecation List
   To streamline the MSC Nastran program and simplify ongoing maintenance
   activiy, some obsolete capabilities have been identified and tagged for
   removal from a future release of the program in late 2020. Please review
   the list of features marked for deprecation below to ensure that there
   will be no disruption to your use of MSC Nastran. If you see a feature
   that you currently use and do not wish to lose, contact MSC Technical
   Support to report it.
  
     Features tagged for removal:
     - P-elements
     - SOL 600 nonlinear solution sequence
     - Unstructured one- and two-digit solution sequences (e.g. SOL 3, SOL 24)
     - SOL 190 (DBTRANS)
     - TAUCS solver
     - MSGMESH
     - Obsolete DMAP modules
     - SSSALTERS
  
     Refer to the MSC Nastran 2020 Release Guide for more details.
  
  
   Additional information about the release can be found at the MSC Nastran
   Product Support page: http://simcompanion.mscsoftware.com
  
   The support page provides links to these valuable information:
      * A searchable Knowledge Base containing examples and answers to thousands
        of frequently asked questions written by MSC Software subject-matter
        experts.
      * Peer-to-peer Discussion Forums enabling you to post questions for your
        MSC Software products and receive answers from other users worldwide.
      * A list of known issues with the product and any workarounds.
      * Instructions on how to contact technical support
      * A mechanism for sending us product feedback or enhancement requests.
      * Hardware and software requirements.
      * Examples and Tutorials
      * and much more.
  
   For information on training, please visit our Training web site
  
      http://www.mscsoftware.com/Contents/Services/Training/
  
1                                                       **STUDENT EDITION*    MARCH  31, 2021  MSC Nastran  8/ 4/20   PAGE     1
                                                                                                                                    
0        N A S T R A N    F I L E    A N D    S Y S T E M    P A R A M E T E R    E C H O                                           
0                                                                                                                                   
                                                                                                                                    
                                                                                                                                    
     NASTRAN BUFFSIZE=8193 $(C:/PROGRAM FILES/MSC.SOFTWARE/NAPA_SE/2020/NASTRAN/CONF/
     $ MSC.NASTRAN INPUT FILE CREATED ON MARCH     31, 2021 AT 13:26:32 BY           
     $ PATRAN 2020  (STUDENT EDITION)                                                
     $ DIRECT TEXT INPUT FOR NASTRAN SYSTEM CELL SECTION                             
     $ DIRECT TEXT INPUT FOR FILE MANAGEMENT SECTION                                 
     $ DIRECT TEXT INPUT FOR EXECUTIVE CONTROL                                       
     $ BUCKLING ANALYSIS, DATABASE                                                   
1                                                       **STUDENT EDITION*    MARCH  31, 2021  MSC Nastran  8/ 4/20   PAGE     2
                                                                                                                                    
0        N A S T R A N    E X E C U T I V E    C O N T R O L    E C H O                                                             
0                                                                                                                                   
                                                                                                                                    
                                                                                                                                    
     SOL 105                                                                                 
     CEND                                                                                    
1    MSC.NASTRAN JOB CREATED ON 31-MAR-21 AT 13:18:08   **STUDENT EDITION*    MARCH  31, 2021  MSC Nastran  8/ 4/20   PAGE     3
                                                                                                                                    
0                                                                                                                                   
0                                        C A S E    C O N T R O L    E C H O                                                        
                 COMMAND                                                                                                            
                 COUNT                                                                                                              
                  1      $ DIRECT TEXT INPUT FOR GLOBAL CASE CONTROL DATA                                        
                  2      TITLE = MSC.NASTRAN JOB CREATED ON 31-MAR-21 AT 13:18:08                                
                  3      ECHO = NONE                                                                             
                  4      SUBCASE 1                                                                               
                  5         SUBTITLE=PANDEO_1                                                                    
                  6         SPC = 2                                                                              
                  7         LOAD = 2                                                                             
                  8         DISPLACEMENT(SORT1,REAL)=ALL                                                         
                  9         SPCFORCES(SORT1,REAL)=ALL                                                            
                 10      SUBCASE 2                                                                               
                 11         SUBTITLE=PANDEO_1                                                                    
                 12         SPC = 2                                                                              
                 13         METHOD = 1                                                                           
                 14         VECTOR(SORT1,REAL)=ALL                                                               
                 15         SPCFORCES(SORT1,REAL)=ALL                                                            
                 16         STATSUB = 1                                                                          
                 17      $ DIRECT TEXT INPUT FOR THIS SUBCASE                                                    
                 18      BEGIN BULK                                                                              
1    MSC.NASTRAN JOB CREATED ON 31-MAR-21 AT 13:18:08   **STUDENT EDITION*    MARCH  31, 2021  MSC Nastran  8/ 4/20   PAGE     4
                                                                                                                                    
0                                                                                                                                   
                                        M O D E L   S U M M A R Y          BULK = 0
                                   ENTRY NAME        NUMBER OF ENTRIES
                                   ----------        -----------------
                                         CBAR                      100
                                        EIGRL                        1
                                        FORCE                        1
                                         GRID                      101
                                         LOAD                        1
                                         MAT1                        1
                                        PARAM                        2
                                         PBAR                        1
                                         SPC1                        2
                                       SPCADD                        1

 ^^^     
 ^^^ >>> IFP OPERATIONS COMPLETE <<< 
 ^^^     
1    MSC.NASTRAN JOB CREATED ON 31-MAR-21 AT 13:18:08   **STUDENT EDITION*    MARCH  31, 2021  MSC Nastran  8/ 4/20   PAGE     5
                                                                                                                                    
0                                                                                                                                   
 *** USER INFORMATION MESSAGE 7310 (VECPRN)
     ORIGIN OF SUPERELEMENT OR MODULE BASIC COORDINATE SYSTEM WILL BE USED AS REFERENCE LOCATION.
     RESULTANTS ABOUT ORIGIN OF SUPERELEMENT OR MODULE BASIC COORDINATE SYSTEM IN SUPERELEMENT OR MODULE
     BASIC SYSTEM COORDINATES.
0                                                  OLOAD    RESULTANT       
  SUBCASE/    LOAD
  DAREA ID    TYPE       T1            T2            T3            R1            R2            R3
0        1     FX    0.000000E+00     ----          ----          ----       0.000000E+00  0.000000E+00                             
               FY       ----       0.000000E+00     ----       0.000000E+00     ----       0.000000E+00                             
               FZ       ----          ----      -1.000000E+00  0.000000E+00  0.000000E+00     ----                                  
               MX       ----          ----          ----       0.000000E+00     ----          ----                                  
               MY       ----          ----          ----          ----       0.000000E+00     ----                                  
               MZ       ----          ----          ----          ----          ----       0.000000E+00                             
             TOTALS  0.000000E+00  0.000000E+00 -1.000000E+00  0.000000E+00  0.000000E+00  0.000000E+00
1    MSC.NASTRAN JOB CREATED ON 31-MAR-21 AT 13:18:08   **STUDENT EDITION*    MARCH  31, 2021  MSC Nastran  8/ 4/20   PAGE     6
                                                                                                                                    
0                                                                                                                                   
 *** USER INFORMATION MESSAGE 7310 (VECPRN)
     ORIGIN OF SUPERELEMENT OR MODULE BASIC COORDINATE SYSTEM WILL BE USED AS REFERENCE LOCATION.
     RESULTANTS ABOUT ORIGIN OF SUPERELEMENT OR MODULE BASIC COORDINATE SYSTEM IN SUPERELEMENT OR MODULE
     BASIC SYSTEM COORDINATES.
0                                                  OLOAD    RESULTANT       
  SUBCASE/    LOAD
  DAREA ID    TYPE       T1            T2            T3            R1            R2            R3
0        2     FX    0.000000E+00     ----          ----          ----       0.000000E+00  0.000000E+00                             
               FY       ----       0.000000E+00     ----       0.000000E+00     ----       0.000000E+00                             
               FZ       ----          ----       0.000000E+00  0.000000E+00  0.000000E+00     ----                                  
               MX       ----          ----          ----       0.000000E+00     ----          ----                                  
               MY       ----          ----          ----          ----       0.000000E+00     ----                                  
               MZ       ----          ----          ----          ----          ----       0.000000E+00                             
             TOTALS  0.000000E+00  0.000000E+00  0.000000E+00  0.000000E+00  0.000000E+00  0.000000E+00
1    MSC.NASTRAN JOB CREATED ON 31-MAR-21 AT 13:18:08   **STUDENT EDITION*    MARCH  31, 2021  MSC Nastran  8/ 4/20   PAGE     7
                                                                                                                                    
0                                                                                                            SUBCASE 1              
0                                         G R I D   P O I N T   S I N G U L A R I T Y   T A B L E
0                             POINT    TYPE   FAILED      STIFFNESS       OLD USET           NEW USET
                               ID            DIRECTION      RATIO     EXCLUSIVE  UNION   EXCLUSIVE  UNION
                                1        G      4         0.00E+00          B        F         SB       S    *
                                2        G      2         0.00E+00          B        F         SB       S    *
                                2        G      4         0.00E+00          B        F         SB       S    *
                                2        G      6         0.00E+00          B        F         SB       S    *
                                3        G      2         0.00E+00          B        F         SB       S    *
                                3        G      4         0.00E+00          B        F         SB       S    *
                                3        G      6         0.00E+00          B        F         SB       S    *
                                4        G      2         0.00E+00          B        F         SB       S    *
                                4        G      4         0.00E+00          B        F         SB       S    *
                                4        G      6         0.00E+00          B        F         SB       S    *
                                5        G      2         0.00E+00          B        F         SB       S    *
                                5        G      4         0.00E+00          B        F         SB       S    *
                                5        G      6         0.00E+00          B        F         SB       S    *
                                6        G      2         0.00E+00          B        F         SB       S    *
                                6        G      4         0.00E+00          B        F         SB       S    *
                                6        G      6         0.00E+00          B        F         SB       S    *
                                7        G      2         0.00E+00          B        F         SB       S    *
                                7        G      4         0.00E+00          B        F         SB       S    *
                                7        G      6         0.00E+00          B        F         SB       S    *
                                8        G      2         0.00E+00          B        F         SB       S    *
                                8        G      4         0.00E+00          B        F         SB       S    *
                                8        G      6         0.00E+00          B        F         SB       S    *
                                9        G      2         0.00E+00          B        F         SB       S    *
                                9        G      4         0.00E+00          B        F         SB       S    *
                                9        G      6         0.00E+00          B        F         SB       S    *
                               10        G      2         0.00E+00          B        F         SB       S    *
                               10        G      4         0.00E+00          B        F         SB       S    *
                               10        G      6         0.00E+00          B        F         SB       S    *
                               11        G      2         0.00E+00          B        F         SB       S    *
                               11        G      4         0.00E+00          B        F         SB       S    *
                               11        G      6         0.00E+00          B        F         SB       S    *
                               12        G      2         0.00E+00          B        F         SB       S    *
                               12        G      4         0.00E+00          B        F         SB       S    *
                               12        G      6         0.00E+00          B        F         SB       S    *
                               13        G      2         0.00E+00          B        F         SB       S    *
                               13        G      4         0.00E+00          B        F         SB       S    *
                               13        G      6         0.00E+00          B        F         SB       S    *
                               14        G      2         0.00E+00          B        F         SB       S    *
                               14        G      4         0.00E+00          B        F         SB       S    *
                               14        G      6         0.00E+00          B        F         SB       S    *
                               15        G      2         0.00E+00          B        F         SB       S    *
                               15        G      4         0.00E+00          B        F         SB       S    *
                               15        G      6         0.00E+00          B        F         SB       S    *
                               16        G      2         0.00E+00          B        F         SB       S    *
                               16        G      4         0.00E+00          B        F         SB       S    *
                               16        G      6         0.00E+00          B        F         SB       S    *
                               17        G      2         0.00E+00          B        F         SB       S    *
                               17        G      4         0.00E+00          B        F         SB       S    *
                               17        G      6         0.00E+00          B        F         SB       S    *
                               18        G      2         0.00E+00          B        F         SB       S    *
1    MSC.NASTRAN JOB CREATED ON 31-MAR-21 AT 13:18:08   **STUDENT EDITION*    MARCH  31, 2021  MSC Nastran  8/ 4/20   PAGE     8
                                                                                                                                    
0                                                                                                            SUBCASE 1              
0                                         G R I D   P O I N T   S I N G U L A R I T Y   T A B L E
0                             POINT    TYPE   FAILED      STIFFNESS       OLD USET           NEW USET
                               ID            DIRECTION      RATIO     EXCLUSIVE  UNION   EXCLUSIVE  UNION
                               18        G      4         0.00E+00          B        F         SB       S    *
                               18        G      6         0.00E+00          B        F         SB       S    *
                               19        G      2         0.00E+00          B        F         SB       S    *
                               19        G      4         0.00E+00          B        F         SB       S    *
                               19        G      6         0.00E+00          B        F         SB       S    *
                               20        G      2         0.00E+00          B        F         SB       S    *
                               20        G      4         0.00E+00          B        F         SB       S    *
                               20        G      6         0.00E+00          B        F         SB       S    *
                               21        G      2         0.00E+00          B        F         SB       S    *
                               21        G      4         0.00E+00          B        F         SB       S    *
                               21        G      6         0.00E+00          B        F         SB       S    *
                               22        G      2         0.00E+00          B        F         SB       S    *
                               22        G      4         0.00E+00          B        F         SB       S    *
                               22        G      6         0.00E+00          B        F         SB       S    *
                               23        G      2         0.00E+00          B        F         SB       S    *
                               23        G      4         0.00E+00          B        F         SB       S    *
                               23        G      6         0.00E+00          B        F         SB       S    *
                               24        G      2         0.00E+00          B        F         SB       S    *
                               24        G      4         0.00E+00          B        F         SB       S    *
                               24        G      6         0.00E+00          B        F         SB       S    *
                               25        G      2         0.00E+00          B        F         SB       S    *
                               25        G      4         0.00E+00          B        F         SB       S    *
                               25        G      6         0.00E+00          B        F         SB       S    *
                               26        G      2         0.00E+00          B        F         SB       S    *
                               26        G      4         0.00E+00          B        F         SB       S    *
                               26        G      6         0.00E+00          B        F         SB       S    *
                               27        G      2         0.00E+00          B        F         SB       S    *
                               27        G      4         0.00E+00          B        F         SB       S    *
                               27        G      6         0.00E+00          B        F         SB       S    *
                               28        G      2         0.00E+00          B        F         SB       S    *
                               28        G      4         0.00E+00          B        F         SB       S    *
                               28        G      6         0.00E+00          B        F         SB       S    *
                               29        G      2         0.00E+00          B        F         SB       S    *
                               29        G      4         0.00E+00          B        F         SB       S    *
                               29        G      6         0.00E+00          B        F         SB       S    *
                               30        G      2         0.00E+00          B        F         SB       S    *
                               30        G      4         0.00E+00          B        F         SB       S    *
                               30        G      6         0.00E+00          B        F         SB       S    *
                               31        G      2         0.00E+00          B        F         SB       S    *
                               31        G      4         0.00E+00          B        F         SB       S    *
                               31        G      6         0.00E+00          B        F         SB       S    *
                               32        G      2         0.00E+00          B        F         SB       S    *
                               32        G      4         0.00E+00          B        F         SB       S    *
                               32        G      6         0.00E+00          B        F         SB       S    *
                               33        G      2         0.00E+00          B        F         SB       S    *
                               33        G      4         0.00E+00          B        F         SB       S    *
                               33        G      6         0.00E+00          B        F         SB       S    *
                               34        G      2         0.00E+00          B        F         SB       S    *
                               34        G      4         0.00E+00          B        F         SB       S    *
                               34        G      6         0.00E+00          B        F         SB       S    *
1    MSC.NASTRAN JOB CREATED ON 31-MAR-21 AT 13:18:08   **STUDENT EDITION*    MARCH  31, 2021  MSC Nastran  8/ 4/20   PAGE     9
                                                                                                                                    
0                                                                                                            SUBCASE 1              
0                                         G R I D   P O I N T   S I N G U L A R I T Y   T A B L E
0                             POINT    TYPE   FAILED      STIFFNESS       OLD USET           NEW USET
                               ID            DIRECTION      RATIO     EXCLUSIVE  UNION   EXCLUSIVE  UNION
                               35        G      2         0.00E+00          B        F         SB       S    *
                               35        G      4         0.00E+00          B        F         SB       S    *
                               35        G      6         0.00E+00          B        F         SB       S    *
                               36        G      2         0.00E+00          B        F         SB       S    *
                               36        G      4         0.00E+00          B        F         SB       S    *
                               36        G      6         0.00E+00          B        F         SB       S    *
                               37        G      2         0.00E+00          B        F         SB       S    *
                               37        G      4         0.00E+00          B        F         SB       S    *
                               37        G      6         0.00E+00          B        F         SB       S    *
                               38        G      2         0.00E+00          B        F         SB       S    *
                               38        G      4         0.00E+00          B        F         SB       S    *
                               38        G      6         0.00E+00          B        F         SB       S    *
                               39        G      2         0.00E+00          B        F         SB       S    *
                               39        G      4         0.00E+00          B        F         SB       S    *
                               39        G      6         0.00E+00          B        F         SB       S    *
                               40        G      2         0.00E+00          B        F         SB       S    *
                               40        G      4         0.00E+00          B        F         SB       S    *
                               40        G      6         0.00E+00          B        F         SB       S    *
                               41        G      2         0.00E+00          B        F         SB       S    *
                               41        G      4         0.00E+00          B        F         SB       S    *
                               41        G      6         0.00E+00          B        F         SB       S    *
                               42        G      2         0.00E+00          B        F         SB       S    *
                               42        G      4         0.00E+00          B        F         SB       S    *
                               42        G      6         0.00E+00          B        F         SB       S    *
                               43        G      2         0.00E+00          B        F         SB       S    *
                               43        G      4         0.00E+00          B        F         SB       S    *
                               43        G      6         0.00E+00          B        F         SB       S    *
                               44        G      2         0.00E+00          B        F         SB       S    *
                               44        G      4         0.00E+00          B        F         SB       S    *
                               44        G      6         0.00E+00          B        F         SB       S    *
                               45        G      2         0.00E+00          B        F         SB       S    *
                               45        G      4         0.00E+00          B        F         SB       S    *
                               45        G      6         0.00E+00          B        F         SB       S    *
                               46        G      2         0.00E+00          B        F         SB       S    *
                               46        G      4         0.00E+00          B        F         SB       S    *
                               46        G      6         0.00E+00          B        F         SB       S    *
                               47        G      2         0.00E+00          B        F         SB       S    *
                               47        G      4         0.00E+00          B        F         SB       S    *
                               47        G      6         0.00E+00          B        F         SB       S    *
                               48        G      2         0.00E+00          B        F         SB       S    *
                               48        G      4         0.00E+00          B        F         SB       S    *
                               48        G      6         0.00E+00          B        F         SB       S    *
                               49        G      2         0.00E+00          B        F         SB       S    *
                               49        G      4         0.00E+00          B        F         SB       S    *
                               49        G      6         0.00E+00          B        F         SB       S    *
                               50        G      2         0.00E+00          B        F         SB       S    *
                               50        G      4         0.00E+00          B        F         SB       S    *
                               50        G      6         0.00E+00          B        F         SB       S    *
                               51        G      2         0.00E+00          B        F         SB       S    *
                               51        G      4         0.00E+00          B        F         SB       S    *
1    MSC.NASTRAN JOB CREATED ON 31-MAR-21 AT 13:18:08   **STUDENT EDITION*    MARCH  31, 2021  MSC Nastran  8/ 4/20   PAGE    10
                                                                                                                                    
0                                                                                                            SUBCASE 1              
0                                         G R I D   P O I N T   S I N G U L A R I T Y   T A B L E
0                             POINT    TYPE   FAILED      STIFFNESS       OLD USET           NEW USET
                               ID            DIRECTION      RATIO     EXCLUSIVE  UNION   EXCLUSIVE  UNION
                               51        G      6         0.00E+00          B        F         SB       S    *
                               52        G      2         0.00E+00          B        F         SB       S    *
                               52        G      4         0.00E+00          B        F         SB       S    *
                               52        G      6         0.00E+00          B        F         SB       S    *
                               53        G      2         0.00E+00          B        F         SB       S    *
                               53        G      4         0.00E+00          B        F         SB       S    *
                               53        G      6         0.00E+00          B        F         SB       S    *
                               54        G      2         0.00E+00          B        F         SB       S    *
                               54        G      4         0.00E+00          B        F         SB       S    *
                               54        G      6         0.00E+00          B        F         SB       S    *
                               55        G      2         0.00E+00          B        F         SB       S    *
                               55        G      4         0.00E+00          B        F         SB       S    *
                               55        G      6         0.00E+00          B        F         SB       S    *
                               56        G      2         0.00E+00          B        F         SB       S    *
                               56        G      4         0.00E+00          B        F         SB       S    *
                               56        G      6         0.00E+00          B        F         SB       S    *
                               57        G      2         0.00E+00          B        F         SB       S    *
                               57        G      4         0.00E+00          B        F         SB       S    *
                               57        G      6         0.00E+00          B        F         SB       S    *
                               58        G      2         0.00E+00          B        F         SB       S    *
                               58        G      4         0.00E+00          B        F         SB       S    *
                               58        G      6         0.00E+00          B        F         SB       S    *
                               59        G      2         0.00E+00          B        F         SB       S    *
                               59        G      4         0.00E+00          B        F         SB       S    *
                               59        G      6         0.00E+00          B        F         SB       S    *
                               60        G      2         0.00E+00          B        F         SB       S    *
                               60        G      4         0.00E+00          B        F         SB       S    *
                               60        G      6         0.00E+00          B        F         SB       S    *
                               61        G      2         0.00E+00          B        F         SB       S    *
                               61        G      4         0.00E+00          B        F         SB       S    *
                               61        G      6         0.00E+00          B        F         SB       S    *
                               62        G      2         0.00E+00          B        F         SB       S    *
                               62        G      4         0.00E+00          B        F         SB       S    *
                               62        G      6         0.00E+00          B        F         SB       S    *
                               63        G      2         0.00E+00          B        F         SB       S    *
                               63        G      4         0.00E+00          B        F         SB       S    *
                               63        G      6         0.00E+00          B        F         SB       S    *
                               64        G      2         0.00E+00          B        F         SB       S    *
                               64        G      4         0.00E+00          B        F         SB       S    *
                               64        G      6         0.00E+00          B        F         SB       S    *
                               65        G      2         0.00E+00          B        F         SB       S    *
                               65        G      4         0.00E+00          B        F         SB       S    *
                               65        G      6         0.00E+00          B        F         SB       S    *
                               66        G      2         0.00E+00          B        F         SB       S    *
                               66        G      4         0.00E+00          B        F         SB       S    *
                               66        G      6         0.00E+00          B        F         SB       S    *
                               67        G      2         0.00E+00          B        F         SB       S    *
                               67        G      4         0.00E+00          B        F         SB       S    *
                               67        G      6         0.00E+00          B        F         SB       S    *
                               68        G      2         0.00E+00          B        F         SB       S    *
1    MSC.NASTRAN JOB CREATED ON 31-MAR-21 AT 13:18:08   **STUDENT EDITION*    MARCH  31, 2021  MSC Nastran  8/ 4/20   PAGE    11
                                                                                                                                    
0                                                                                                            SUBCASE 1              
0                                         G R I D   P O I N T   S I N G U L A R I T Y   T A B L E
0                             POINT    TYPE   FAILED      STIFFNESS       OLD USET           NEW USET
                               ID            DIRECTION      RATIO     EXCLUSIVE  UNION   EXCLUSIVE  UNION
                               68        G      4         0.00E+00          B        F         SB       S    *
                               68        G      6         0.00E+00          B        F         SB       S    *
                               69        G      2         0.00E+00          B        F         SB       S    *
                               69        G      4         0.00E+00          B        F         SB       S    *
                               69        G      6         0.00E+00          B        F         SB       S    *
                               70        G      2         0.00E+00          B        F         SB       S    *
                               70        G      4         0.00E+00          B        F         SB       S    *
                               70        G      6         0.00E+00          B        F         SB       S    *
                               71        G      2         0.00E+00          B        F         SB       S    *
                               71        G      4         0.00E+00          B        F         SB       S    *
                               71        G      6         0.00E+00          B        F         SB       S    *
                               72        G      2         0.00E+00          B        F         SB       S    *
                               72        G      4         0.00E+00          B        F         SB       S    *
                               72        G      6         0.00E+00          B        F         SB       S    *
                               73        G      2         0.00E+00          B        F         SB       S    *
                               73        G      4         0.00E+00          B        F         SB       S    *
                               73        G      6         0.00E+00          B        F         SB       S    *
                               74        G      2         0.00E+00          B        F         SB       S    *
                               74        G      4         0.00E+00          B        F         SB       S    *
                               74        G      6         0.00E+00          B        F         SB       S    *
                               75        G      2         0.00E+00          B        F         SB       S    *
                               75        G      4         0.00E+00          B        F         SB       S    *
                               75        G      6         0.00E+00          B        F         SB       S    *
                               76        G      2         0.00E+00          B        F         SB       S    *
                               76        G      4         0.00E+00          B        F         SB       S    *
                               76        G      6         0.00E+00          B        F         SB       S    *
                               77        G      2         0.00E+00          B        F         SB       S    *
                               77        G      4         0.00E+00          B        F         SB       S    *
                               77        G      6         0.00E+00          B        F         SB       S    *
                               78        G      2         0.00E+00          B        F         SB       S    *
                               78        G      4         0.00E+00          B        F         SB       S    *
                               78        G      6         0.00E+00          B        F         SB       S    *
                               79        G      2         0.00E+00          B        F         SB       S    *
                               79        G      4         0.00E+00          B        F         SB       S    *
                               79        G      6         0.00E+00          B        F         SB       S    *
                               80        G      2         0.00E+00          B        F         SB       S    *
                               80        G      4         0.00E+00          B        F         SB       S    *
                               80        G      6         0.00E+00          B        F         SB       S    *
                               81        G      2         0.00E+00          B        F         SB       S    *
                               81        G      4         0.00E+00          B        F         SB       S    *
                               81        G      6         0.00E+00          B        F         SB       S    *
                               82        G      2         0.00E+00          B        F         SB       S    *
                               82        G      4         0.00E+00          B        F         SB       S    *
                               82        G      6         0.00E+00          B        F         SB       S    *
                               83        G      2         0.00E+00          B        F         SB       S    *
                               83        G      4         0.00E+00          B        F         SB       S    *
                               83        G      6         0.00E+00          B        F         SB       S    *
                               84        G      2         0.00E+00          B        F         SB       S    *
                               84        G      4         0.00E+00          B        F         SB       S    *
                               84        G      6         0.00E+00          B        F         SB       S    *
1    MSC.NASTRAN JOB CREATED ON 31-MAR-21 AT 13:18:08   **STUDENT EDITION*    MARCH  31, 2021  MSC Nastran  8/ 4/20   PAGE    12
                                                                                                                                    
0                                                                                                            SUBCASE 1              
0                                         G R I D   P O I N T   S I N G U L A R I T Y   T A B L E
0                             POINT    TYPE   FAILED      STIFFNESS       OLD USET           NEW USET
                               ID            DIRECTION      RATIO     EXCLUSIVE  UNION   EXCLUSIVE  UNION
                               85        G      2         0.00E+00          B        F         SB       S    *
                               85        G      4         0.00E+00          B        F         SB       S    *
                               85        G      6         0.00E+00          B        F         SB       S    *
                               86        G      2         0.00E+00          B        F         SB       S    *
                               86        G      4         0.00E+00          B        F         SB       S    *
                               86        G      6         0.00E+00          B        F         SB       S    *
                               87        G      2         0.00E+00          B        F         SB       S    *
                               87        G      4         0.00E+00          B        F         SB       S    *
                               87        G      6         0.00E+00          B        F         SB       S    *
                               88        G      2         0.00E+00          B        F         SB       S    *
                               88        G      4         0.00E+00          B        F         SB       S    *
                               88        G      6         0.00E+00          B        F         SB       S    *
                               89        G      2         0.00E+00          B        F         SB       S    *
                               89        G      4         0.00E+00          B        F         SB       S    *
                               89        G      6         0.00E+00          B        F         SB       S    *
                               90        G      2         0.00E+00          B        F         SB       S    *
                               90        G      4         0.00E+00          B        F         SB       S    *
                               90        G      6         0.00E+00          B        F         SB       S    *
                               91        G      2         0.00E+00          B        F         SB       S    *
                               91        G      4         0.00E+00          B        F         SB       S    *
                               91        G      6         0.00E+00          B        F         SB       S    *
                               92        G      2         0.00E+00          B        F         SB       S    *
                               92        G      4         0.00E+00          B        F         SB       S    *
                               92        G      6         0.00E+00          B        F         SB       S    *
                               93        G      2         0.00E+00          B        F         SB       S    *
                               93        G      4         0.00E+00          B        F         SB       S    *
                               93        G      6         0.00E+00          B        F         SB       S    *
                               94        G      2         0.00E+00          B        F         SB       S    *
                               94        G      4         0.00E+00          B        F         SB       S    *
                               94        G      6         0.00E+00          B        F         SB       S    *
                               95        G      2         0.00E+00          B        F         SB       S    *
                               95        G      4         0.00E+00          B        F         SB       S    *
                               95        G      6         0.00E+00          B        F         SB       S    *
                               96        G      2         0.00E+00          B        F         SB       S    *
                               96        G      4         0.00E+00          B        F         SB       S    *
                               96        G      6         0.00E+00          B        F         SB       S    *
                               97        G      2         0.00E+00          B        F         SB       S    *
                               97        G      4         0.00E+00          B        F         SB       S    *
                               97        G      6         0.00E+00          B        F         SB       S    *
                               98        G      2         0.00E+00          B        F         SB       S    *
                               98        G      4         0.00E+00          B        F         SB       S    *
                               98        G      6         0.00E+00          B        F         SB       S    *
                               99        G      2         0.00E+00          B        F         SB       S    *
                               99        G      4         0.00E+00          B        F         SB       S    *
                               99        G      6         0.00E+00          B        F         SB       S    *
                              100        G      2         0.00E+00          B        F         SB       S    *
                              100        G      4         0.00E+00          B        F         SB       S    *
                              100        G      6         0.00E+00          B        F         SB       S    *
                              101        G      4         0.00E+00          B        F         SB       S    *
                              101        G      6         0.00E+00          B        F         SB       S    *
  
 *** SYSTEM INFORMATION MESSAGE 4159 (DFMSA)
     THE DECOMPOSITION OF KLL      YIELDS A MAXIMUM MATRIX-TO-FACTOR-DIAGONAL RATIO OF    1.205359E+05
1    MSC.NASTRAN JOB CREATED ON 31-MAR-21 AT 13:18:08   **STUDENT EDITION*    MARCH  31, 2021  MSC Nastran  8/ 4/20   PAGE    13
                                                                                                                                    
0                                                                                                            SUBCASE 1              
 *** USER INFORMATION MESSAGE 5293 (SSG3A)
    FOR DATA BLOCK KLL     
    LOAD SEQ. NO.             EPSILON              EXTERNAL WORK      EPSILONS LARGER THAN 0.001 ARE FLAGGED WITH ASTERISKS
                1          7.4971457E-14          2.5045538E-07
1    MSC.NASTRAN JOB CREATED ON 31-MAR-21 AT 13:18:08   **STUDENT EDITION*    MARCH  31, 2021  MSC Nastran  8/ 4/20   PAGE    14
                                                                                                                                    
0                                                                                                                                   
 *** USER INFORMATION MESSAGE 7310 (VECPRN)
     ORIGIN OF SUPERELEMENT OR MODULE BASIC COORDINATE SYSTEM WILL BE USED AS REFERENCE LOCATION.
     RESULTANTS ABOUT ORIGIN OF SUPERELEMENT OR MODULE BASIC COORDINATE SYSTEM IN SUPERELEMENT OR MODULE
     BASIC SYSTEM COORDINATES.
0                                                  SPCFORCE RESULTANT       
  SUBCASE/    LOAD
  DAREA ID    TYPE       T1            T2            T3            R1            R2            R3
0        1     FX    0.000000E+00     ----          ----          ----       0.000000E+00  0.000000E+00                             
               FY       ----       0.000000E+00     ----       0.000000E+00     ----       0.000000E+00                             
               FZ       ----          ----       1.000000E+00  0.000000E+00  0.000000E+00     ----                                  
               MX       ----          ----          ----       0.000000E+00     ----          ----                                  
               MY       ----          ----          ----          ----       0.000000E+00     ----                                  
               MZ       ----          ----          ----          ----          ----       0.000000E+00                             
             TOTALS  0.000000E+00  0.000000E+00  1.000000E+00  0.000000E+00  0.000000E+00  0.000000E+00
1    MSC.NASTRAN JOB CREATED ON 31-MAR-21 AT 13:18:08   **STUDENT EDITION*    MARCH  31, 2021  MSC Nastran  8/ 4/20   PAGE    15
                                                                                                                                    
0                                                                                                                                   
0                                                  MAXIMUM  SPCFORCES       
  SUBCASE/
  DAREA ID        T1             T2             T3             R1             R2             R3
0        1   0.0000000E+00  0.0000000E+00  1.0000000E+00  0.0000000E+00  0.0000000E+00  0.0000000E+00
1    MSC.NASTRAN JOB CREATED ON 31-MAR-21 AT 13:18:08   **STUDENT EDITION*    MARCH  31, 2021  MSC Nastran  8/ 4/20   PAGE    16
                                                                                                                                    
0                                                                                                                                   
0                                                  MAXIMUM  DISPLACEMENTS   
  SUBCASE/
  DAREA ID        T1             T2             T3             R1             R2             R3
0        1   0.0000000E+00  0.0000000E+00  5.0091077E-07  0.0000000E+00  0.0000000E+00  0.0000000E+00
1    MSC.NASTRAN JOB CREATED ON 31-MAR-21 AT 13:18:08   **STUDENT EDITION*    MARCH  31, 2021  MSC Nastran  8/ 4/20   PAGE    17
                                                                                                                                    
0                                                                                                                                   
0                                                  MAXIMUM  APPLIED LOADS   
  SUBCASE/
  DAREA ID        T1             T2             T3             R1             R2             R3
0        1   0.0000000E+00  0.0000000E+00  1.0000000E+00  0.0000000E+00  0.0000000E+00  0.0000000E+00
1    MSC.NASTRAN JOB CREATED ON 31-MAR-21 AT 13:18:08   **STUDENT EDITION*    MARCH  31, 2021  MSC Nastran  8/ 4/20   PAGE    18
     PANDEO_1                                                                                                                       
0                                                                                                            SUBCASE 1              
 
                                             D I S P L A C E M E N T   V E C T O R
 
      POINT ID.   TYPE          T1             T2             T3             R1             R2             R3
             1      G      0.0            0.0            0.0            0.0            0.0            0.0
             2      G      0.0            0.0           -5.009108E-09   0.0            0.0            0.0
             3      G      0.0            0.0           -1.001822E-08   0.0            0.0            0.0
             4      G      0.0            0.0           -1.502732E-08   0.0            0.0            0.0
             5      G      0.0            0.0           -2.003643E-08   0.0            0.0            0.0
             6      G      0.0            0.0           -2.504554E-08   0.0            0.0            0.0
             7      G      0.0            0.0           -3.005465E-08   0.0            0.0            0.0
             8      G      0.0            0.0           -3.506375E-08   0.0            0.0            0.0
             9      G      0.0            0.0           -4.007286E-08   0.0            0.0            0.0
            10      G      0.0            0.0           -4.508197E-08   0.0            0.0            0.0
            11      G      0.0            0.0           -5.009108E-08   0.0            0.0            0.0
            12      G      0.0            0.0           -5.510018E-08   0.0            0.0            0.0
            13      G      0.0            0.0           -6.010928E-08   0.0            0.0            0.0
            14      G      0.0            0.0           -6.511839E-08   0.0            0.0            0.0
            15      G      0.0            0.0           -7.012750E-08   0.0            0.0            0.0
            16      G      0.0            0.0           -7.513661E-08   0.0            0.0            0.0
            17      G      0.0            0.0           -8.014571E-08   0.0            0.0            0.0
            18      G      0.0            0.0           -8.515482E-08   0.0            0.0            0.0
            19      G      0.0            0.0           -9.016394E-08   0.0            0.0            0.0
            20      G      0.0            0.0           -9.517304E-08   0.0            0.0            0.0
            21      G      0.0            0.0           -1.001822E-07   0.0            0.0            0.0
            22      G      0.0            0.0           -1.051912E-07   0.0            0.0            0.0
            23      G      0.0            0.0           -1.102004E-07   0.0            0.0            0.0
            24      G      0.0            0.0           -1.152095E-07   0.0            0.0            0.0
            25      G      0.0            0.0           -1.202186E-07   0.0            0.0            0.0
            26      G      0.0            0.0           -1.252277E-07   0.0            0.0            0.0
            27      G      0.0            0.0           -1.302368E-07   0.0            0.0            0.0
            28      G      0.0            0.0           -1.352459E-07   0.0            0.0            0.0
            29      G      0.0            0.0           -1.402550E-07   0.0            0.0            0.0
            30      G      0.0            0.0           -1.452641E-07   0.0            0.0            0.0
            31      G      0.0            0.0           -1.502732E-07   0.0            0.0            0.0
            32      G      0.0            0.0           -1.552824E-07   0.0            0.0            0.0
            33      G      0.0            0.0           -1.602915E-07   0.0            0.0            0.0
            34      G      0.0            0.0           -1.653006E-07   0.0            0.0            0.0
            35      G      0.0            0.0           -1.703097E-07   0.0            0.0            0.0
            36      G      0.0            0.0           -1.753188E-07   0.0            0.0            0.0
            37      G      0.0            0.0           -1.803279E-07   0.0            0.0            0.0
            38      G      0.0            0.0           -1.853370E-07   0.0            0.0            0.0
            39      G      0.0            0.0           -1.903461E-07   0.0            0.0            0.0
            40      G      0.0            0.0           -1.953552E-07   0.0            0.0            0.0
            41      G      0.0            0.0           -2.003643E-07   0.0            0.0            0.0
            42      G      0.0            0.0           -2.053734E-07   0.0            0.0            0.0
            43      G      0.0            0.0           -2.103825E-07   0.0            0.0            0.0
            44      G      0.0            0.0           -2.153916E-07   0.0            0.0            0.0
            45      G      0.0            0.0           -2.204007E-07   0.0            0.0            0.0
            46      G      0.0            0.0           -2.254099E-07   0.0            0.0            0.0
            47      G      0.0            0.0           -2.304190E-07   0.0            0.0            0.0
            48      G      0.0            0.0           -2.354281E-07   0.0            0.0            0.0
            49      G      0.0            0.0           -2.404371E-07   0.0            0.0            0.0
            50      G      0.0            0.0           -2.454463E-07   0.0            0.0            0.0
1    MSC.NASTRAN JOB CREATED ON 31-MAR-21 AT 13:18:08   **STUDENT EDITION*    MARCH  31, 2021  MSC Nastran  8/ 4/20   PAGE    19
     PANDEO_1                                                                                                                       
0                                                                                                            SUBCASE 1              
 
                                             D I S P L A C E M E N T   V E C T O R
 
      POINT ID.   TYPE          T1             T2             T3             R1             R2             R3
            51      G      0.0            0.0           -2.504554E-07   0.0            0.0            0.0
            52      G      0.0            0.0           -2.554645E-07   0.0            0.0            0.0
            53      G      0.0            0.0           -2.604736E-07   0.0            0.0            0.0
            54      G      0.0            0.0           -2.654827E-07   0.0            0.0            0.0
            55      G      0.0            0.0           -2.704918E-07   0.0            0.0            0.0
            56      G      0.0            0.0           -2.755009E-07   0.0            0.0            0.0
            57      G      0.0            0.0           -2.805100E-07   0.0            0.0            0.0
            58      G      0.0            0.0           -2.855191E-07   0.0            0.0            0.0
            59      G      0.0            0.0           -2.905282E-07   0.0            0.0            0.0
            60      G      0.0            0.0           -2.955373E-07   0.0            0.0            0.0
            61      G      0.0            0.0           -3.005465E-07   0.0            0.0            0.0
            62      G      0.0            0.0           -3.055556E-07   0.0            0.0            0.0
            63      G      0.0            0.0           -3.105647E-07   0.0            0.0            0.0
            64      G      0.0            0.0           -3.155738E-07   0.0            0.0            0.0
            65      G      0.0            0.0           -3.205829E-07   0.0            0.0            0.0
            66      G      0.0            0.0           -3.255920E-07   0.0            0.0            0.0
            67      G      0.0            0.0           -3.306011E-07   0.0            0.0            0.0
            68      G      0.0            0.0           -3.356102E-07   0.0            0.0            0.0
            69      G      0.0            0.0           -3.406193E-07   0.0            0.0            0.0
            70      G      0.0            0.0           -3.456284E-07   0.0            0.0            0.0
            71      G      0.0            0.0           -3.506375E-07   0.0            0.0            0.0
            72      G      0.0            0.0           -3.556466E-07   0.0            0.0            0.0
            73      G      0.0            0.0           -3.606558E-07   0.0            0.0            0.0
            74      G      0.0            0.0           -3.656649E-07   0.0            0.0            0.0
            75      G      0.0            0.0           -3.706740E-07   0.0            0.0            0.0
            76      G      0.0            0.0           -3.756831E-07   0.0            0.0            0.0
            77      G      0.0            0.0           -3.806922E-07   0.0            0.0            0.0
            78      G      0.0            0.0           -3.857013E-07   0.0            0.0            0.0
            79      G      0.0            0.0           -3.907104E-07   0.0            0.0            0.0
            80      G      0.0            0.0           -3.957195E-07   0.0            0.0            0.0
            81      G      0.0            0.0           -4.007286E-07   0.0            0.0            0.0
            82      G      0.0            0.0           -4.057377E-07   0.0            0.0            0.0
            83      G      0.0            0.0           -4.107468E-07   0.0            0.0            0.0
            84      G      0.0            0.0           -4.157559E-07   0.0            0.0            0.0
            85      G      0.0            0.0           -4.207650E-07   0.0            0.0            0.0
            86      G      0.0            0.0           -4.257741E-07   0.0            0.0            0.0
            87      G      0.0            0.0           -4.307833E-07   0.0            0.0            0.0
            88      G      0.0            0.0           -4.357923E-07   0.0            0.0            0.0
            89      G      0.0            0.0           -4.408015E-07   0.0            0.0            0.0
            90      G      0.0            0.0           -4.458105E-07   0.0            0.0            0.0
            91      G      0.0            0.0           -4.508197E-07   0.0            0.0            0.0
            92      G      0.0            0.0           -4.558288E-07   0.0            0.0            0.0
            93      G      0.0            0.0           -4.608379E-07   0.0            0.0            0.0
            94      G      0.0            0.0           -4.658470E-07   0.0            0.0            0.0
            95      G      0.0            0.0           -4.708561E-07   0.0            0.0            0.0
            96      G      0.0            0.0           -4.758652E-07   0.0            0.0            0.0
            97      G      0.0            0.0           -4.808743E-07   0.0            0.0            0.0
            98      G      0.0            0.0           -4.858834E-07   0.0            0.0            0.0
            99      G      0.0            0.0           -4.908926E-07   0.0            0.0            0.0
           100      G      0.0            0.0           -4.959016E-07   0.0            0.0            0.0
1    MSC.NASTRAN JOB CREATED ON 31-MAR-21 AT 13:18:08   **STUDENT EDITION*    MARCH  31, 2021  MSC Nastran  8/ 4/20   PAGE    20
     PANDEO_1                                                                                                                       
0                                                                                                            SUBCASE 1              
 
                                             D I S P L A C E M E N T   V E C T O R
 
      POINT ID.   TYPE          T1             T2             T3             R1             R2             R3
           101      G      0.0            0.0           -5.009108E-07   0.0            0.0            0.0
1    MSC.NASTRAN JOB CREATED ON 31-MAR-21 AT 13:18:08   **STUDENT EDITION*    MARCH  31, 2021  MSC Nastran  8/ 4/20   PAGE    21
     PANDEO_1                                                                                                                       
0                                                                                                            SUBCASE 1              
 
                               F O R C E S   O F   S I N G L E - P O I N T   C O N S T R A I N T
 
      POINT ID.   TYPE          T1             T2             T3             R1             R2             R3
             1      G      0.0            0.0            1.000000E+00   0.0            0.0            0.0
 ^^^     
 *** USER INFORMATION MESSAGE 22713 (SUBDMAP SEKDR)
     PARAMETER EXCLUDE IS NOT DEFINED DIFFERENTIAL STIFFNESS IS COMPUTED FOR ALL ELEMENTS.
 ^^^     
 *** USER INFORMATION MESSAGE 5010 (LNCILS)
     STURM SEQUENCE DATA FOR EIGENVALUE EXTRACTION.
     TRIAL EIGENVALUE = -6.448222D+03, CYCLES = 1.278027D+01 THE STURM COUNT = 0
 *** USER INFORMATION MESSAGE 5010 (LNCILS)
     STURM SEQUENCE DATA FOR EIGENVALUE EXTRACTION.
     TRIAL EIGENVALUE = -6.376697D+04, CYCLES = 4.019000D+01 THE STURM COUNT = 0
 *** USER INFORMATION MESSAGE 5010 (LNCILS)
     STURM SEQUENCE DATA FOR EIGENVALUE EXTRACTION.
     TRIAL EIGENVALUE = 1.791211D+04, CYCLES = 2.130068D+01 THE STURM COUNT = 1

 TABLE OF SHIFTS:  (LNNRIGL)
 SHIFT #        SHIFT VALUE         FREQUENCY, CYCLES     # EIGENVALUES BELOW    # NEW EIGENVALUES FOUND
     1.       -6.4482223E+03         -1.2780273E+01                 0                        2
     2.       -6.3766969E+04         -4.0190001E+01                 0                        0
     3.        1.7912108E+04          2.1300681E+01                 1                        0

1    MSC.NASTRAN JOB CREATED ON 31-MAR-21 AT 13:18:08   **STUDENT EDITION*    MARCH  31, 2021  MSC Nastran  8/ 4/20   PAGE    22
                                                                                                                                    
0                                                                                                            SUBCASE 2              
0


                          E I G E N V A L U E  A N A L Y S I S   S U M M A R Y   (READ MODULE) 



                                     BLOCK SIZE USED ......................     2

                                     NUMBER OF DECOMPOSITIONS .............     3

                                     NUMBER OF ROOTS FOUND ................     1

                                     NUMBER OF SOLVES REQUIRED ............    27

1    MSC.NASTRAN JOB CREATED ON 31-MAR-21 AT 13:18:08   **STUDENT EDITION*    MARCH  31, 2021  MSC Nastran  8/ 4/20   PAGE    23
                                                                                                                                    
0                                                                                                            SUBCASE 2              
 
                                              R E A L   E I G E N V A L U E S
   MODE    EXTRACTION      EIGENVALUE            RADIANS             CYCLES            GENERALIZED         GENERALIZED
    NO.       ORDER                                                                       MASS              STIFFNESS
        1         1        7.164843E+03        8.464540E+01        1.347173E+01        5.500000E-01        3.940664E+03
1    MSC.NASTRAN JOB CREATED ON 31-MAR-21 AT 13:18:08   **STUDENT EDITION*    MARCH  31, 2021  MSC Nastran  8/ 4/20   PAGE    24
     PANDEO_1                                                                                                                       
0                                                                                                            SUBCASE 2              
      EIGENVALUE =  7.164843E+03
                                         R E A L   E I G E N V E C T O R   N O .          1
 
      POINT ID.   TYPE          T1             T2             T3             R1             R2             R3
             1      G      0.0            0.0            0.0            0.0           -1.000000E+00   0.0
             2      G     -1.099819E-02   0.0           -3.397163E-15   0.0           -9.995066E-01   0.0
             3      G     -2.198553E-02   0.0           -3.593937E-15   0.0           -9.980267E-01   0.0
             4      G     -3.295117E-02   0.0            2.011181E-15   0.0           -9.955620E-01   0.0
             5      G     -4.388429E-02   0.0            1.783918E-15   0.0           -9.921147E-01   0.0
             6      G     -5.477411E-02   0.0            1.303322E-15   0.0           -9.876883E-01   0.0
             7      G     -6.560986E-02   0.0           -2.699061E-15   0.0           -9.822872E-01   0.0
             8      G     -7.638086E-02   0.0            2.561099E-15   0.0           -9.759168E-01   0.0
             9      G     -8.707649E-02   0.0           -9.477336E-16   0.0           -9.685832E-01   0.0
            10      G     -9.768620E-02   0.0           -3.505308E-17   0.0           -9.602937E-01   0.0
            11      G     -1.081995E-01   0.0           -3.733589E-15   0.0           -9.510565E-01   0.0
            12      G     -1.186060E-01   0.0           -4.020389E-15   0.0           -9.408808E-01   0.0
            13      G     -1.288954E-01   0.0            6.379836E-15   0.0           -9.297765E-01   0.0
            14      G     -1.390577E-01   0.0            4.315286E-15   0.0           -9.177547E-01   0.0
            15      G     -1.490827E-01   0.0           -2.281958E-15   0.0           -9.048271E-01   0.0
            16      G     -1.589606E-01   0.0            6.088538E-15   0.0           -8.910065E-01   0.0
            17      G     -1.686816E-01   0.0            8.878560E-16   0.0           -8.763067E-01   0.0
            18      G     -1.782362E-01   0.0            1.423590E-15   0.0           -8.607420E-01   0.0
            19      G     -1.876149E-01   0.0            5.577918E-15   0.0           -8.443279E-01   0.0
            20      G     -1.968084E-01   0.0           -7.359336E-17   0.0           -8.270806E-01   0.0
            21      G     -2.058076E-01   0.0            1.709526E-15   0.0           -8.090170E-01   0.0
            22      G     -2.146038E-01   0.0            1.346689E-15   0.0           -7.901551E-01   0.0
            23      G     -2.231882E-01   0.0            3.627842E-15   0.0           -7.705133E-01   0.0
            24      G     -2.315523E-01   0.0           -5.162819E-15   0.0           -7.501111E-01   0.0
            25      G     -2.396879E-01   0.0            7.419662E-15   0.0           -7.289687E-01   0.0
            26      G     -2.475870E-01   0.0            2.196492E-16   0.0           -7.071068E-01   0.0
            27      G     -2.552417E-01   0.0            9.107052E-16   0.0           -6.845472E-01   0.0
            28      G     -2.626445E-01   0.0            2.618098E-15   0.0           -6.613119E-01   0.0
            29      G     -2.697882E-01   0.0            2.064967E-15   0.0           -6.374241E-01   0.0
            30      G     -2.766656E-01   0.0           -6.114706E-16   0.0           -6.129071E-01   0.0
            31      G     -2.832699E-01   0.0            2.481915E-16   0.0           -5.877852E-01   0.0
            32      G     -2.895947E-01   0.0           -4.161564E-15   0.0           -5.620833E-01   0.0
            33      G     -2.956337E-01   0.0           -3.785383E-15   0.0           -5.358267E-01   0.0
            34      G     -3.013810E-01   0.0           -1.249232E-15   0.0           -5.090413E-01   0.0
            35      G     -3.068308E-01   0.0           -7.114370E-15   0.0           -4.817536E-01   0.0
            36      G     -3.119778E-01   0.0            6.113766E-16   0.0           -4.539905E-01   0.0
            37      G     -3.168170E-01   0.0           -2.656310E-16   0.0           -4.257792E-01   0.0
            38      G     -3.213434E-01   0.0            3.185271E-15   0.0           -3.971478E-01   0.0
            39      G     -3.255528E-01   0.0            5.063883E-15   0.0           -3.681245E-01   0.0
            40      G     -3.294408E-01   0.0           -5.721592E-16   0.0           -3.387380E-01   0.0
            41      G     -3.330038E-01   0.0            2.554441E-15   0.0           -3.090169E-01   0.0
            42      G     -3.362381E-01   0.0           -4.960552E-15   0.0           -2.789911E-01   0.0
            43      G     -3.391406E-01   0.0            4.498007E-15   0.0           -2.486900E-01   0.0
            44      G     -3.417084E-01   0.0            3.236941E-15   0.0           -2.181432E-01   0.0
            45      G     -3.439389E-01   0.0            1.040659E-15   0.0           -1.873814E-01   0.0
            46      G     -3.458301E-01   0.0            4.045031E-16   0.0           -1.564344E-01   0.0
            47      G     -3.473799E-01   0.0           -3.757695E-15   0.0           -1.253331E-01   0.0
            48      G     -3.485869E-01   0.0           -8.515086E-16   0.0           -9.410829E-02   0.0
            49      G     -3.494500E-01   0.0           -3.165149E-15   0.0           -6.279073E-02   0.0
            50      G     -3.499681E-01   0.0           -1.891119E-15   0.0           -3.141069E-02   0.0
1    MSC.NASTRAN JOB CREATED ON 31-MAR-21 AT 13:18:08   **STUDENT EDITION*    MARCH  31, 2021  MSC Nastran  8/ 4/20   PAGE    25
     PANDEO_1                                                                                                                       
0                                                                                                            SUBCASE 2              
      EIGENVALUE =  7.164843E+03
                                         R E A L   E I G E N V E C T O R   N O .          1
 
      POINT ID.   TYPE          T1             T2             T3             R1             R2             R3
            51      G     -3.501409E-01   0.0            3.473602E-15   0.0           -9.964629E-11   0.0
            52      G     -3.499681E-01   0.0            2.567314E-15   0.0            3.141069E-02   0.0
            53      G     -3.494500E-01   0.0           -1.869440E-15   0.0            6.279039E-02   0.0
            54      G     -3.485869E-01   0.0            2.871223E-15   0.0            9.410829E-02   0.0
            55      G     -3.473799E-01   0.0           -2.033171E-15   0.0            1.253333E-01   0.0
            56      G     -3.458301E-01   0.0           -5.920023E-15   0.0            1.564345E-01   0.0
            57      G     -3.439389E-01   0.0            3.382483E-15   0.0            1.873813E-01   0.0
            58      G     -3.417084E-01   0.0            1.354133E-15   0.0            2.181433E-01   0.0
            59      G     -3.391406E-01   0.0            2.104414E-16   0.0            2.486899E-01   0.0
            60      G     -3.362381E-01   0.0            2.243902E-15   0.0            2.789910E-01   0.0
            61      G     -3.330038E-01   0.0            2.468919E-15   0.0            3.090170E-01   0.0
            62      G     -3.294408E-01   0.0           -8.581899E-16   0.0            3.387379E-01   0.0
            63      G     -3.255527E-01   0.0           -6.787764E-15   0.0            3.681246E-01   0.0
            64      G     -3.213434E-01   0.0           -9.611535E-16   0.0            3.971479E-01   0.0
            65      G     -3.168170E-01   0.0           -1.836903E-15   0.0            4.257792E-01   0.0
            66      G     -3.119778E-01   0.0           -3.896179E-15   0.0            4.539904E-01   0.0
            67      G     -3.068308E-01   0.0           -9.614778E-16   0.0            4.817538E-01   0.0
            68      G     -3.013810E-01   0.0           -4.639527E-15   0.0            5.090415E-01   0.0
            69      G     -2.956337E-01   0.0            5.664021E-17   0.0            5.358268E-01   0.0
            70      G     -2.895947E-01   0.0            2.535757E-15   0.0            5.620833E-01   0.0
            71      G     -2.832699E-01   0.0           -2.558775E-15   0.0            5.877852E-01   0.0
            72      G     -2.766656E-01   0.0           -1.563696E-15   0.0            6.129071E-01   0.0
            73      G     -2.697882E-01   0.0            1.959900E-15   0.0            6.374241E-01   0.0
            74      G     -2.626445E-01   0.0           -3.325839E-15   0.0            6.613119E-01   0.0
            75      G     -2.552417E-01   0.0            6.746867E-15   0.0            6.845471E-01   0.0
            76      G     -2.475870E-01   0.0            2.132043E-15   0.0            7.071068E-01   0.0
            77      G     -2.396879E-01   0.0            5.259192E-15   0.0            7.289686E-01   0.0
            78      G     -2.315523E-01   0.0           -2.265134E-15   0.0            7.501110E-01   0.0
            79      G     -2.231882E-01   0.0           -2.458009E-15   0.0            7.705132E-01   0.0
            80      G     -2.146038E-01   0.0           -9.944008E-17   0.0            7.901550E-01   0.0
            81      G     -2.058076E-01   0.0           -1.029464E-15   0.0            8.090171E-01   0.0
            82      G     -1.968084E-01   0.0            2.946392E-15   0.0            8.270806E-01   0.0
            83      G     -1.876149E-01   0.0            4.145493E-17   0.0            8.443279E-01   0.0
            84      G     -1.782362E-01   0.0           -3.157934E-15   0.0            8.607420E-01   0.0
            85      G     -1.686817E-01   0.0           -1.386174E-15   0.0            8.763066E-01   0.0
            86      G     -1.589607E-01   0.0            3.204202E-15   0.0            8.910065E-01   0.0
            87      G     -1.490827E-01   0.0            2.576404E-15   0.0            9.048271E-01   0.0
            88      G     -1.390578E-01   0.0            3.725731E-15   0.0            9.177546E-01   0.0
            89      G     -1.288954E-01   0.0            2.062108E-15   0.0            9.297765E-01   0.0
            90      G     -1.186061E-01   0.0           -5.541678E-15   0.0            9.408807E-01   0.0
            91      G     -1.081995E-01   0.0            5.001721E-15   0.0            9.510565E-01   0.0
            92      G     -9.768617E-02   0.0           -4.803672E-15   0.0            9.602937E-01   0.0
            93      G     -8.707644E-02   0.0            1.537307E-15   0.0            9.685832E-01   0.0
            94      G     -7.638089E-02   0.0           -8.445005E-16   0.0            9.759167E-01   0.0
            95      G     -6.560984E-02   0.0            2.433066E-15   0.0            9.822873E-01   0.0
            96      G     -5.477417E-02   0.0           -6.353608E-15   0.0            9.876883E-01   0.0
            97      G     -4.388444E-02   0.0            5.290813E-15   0.0            9.921146E-01   0.0
            98      G     -3.295116E-02   0.0           -4.085516E-15   0.0            9.955620E-01   0.0
            99      G     -2.198548E-02   0.0           -9.408416E-16   0.0            9.980267E-01   0.0
           100      G     -1.099823E-02   0.0           -1.921748E-15   0.0            9.995066E-01   0.0
1    MSC.NASTRAN JOB CREATED ON 31-MAR-21 AT 13:18:08   **STUDENT EDITION*    MARCH  31, 2021  MSC Nastran  8/ 4/20   PAGE    26
     PANDEO_1                                                                                                                       
0                                                                                                            SUBCASE 2              
      EIGENVALUE =  7.164843E+03
                                         R E A L   E I G E N V E C T O R   N O .          1
 
      POINT ID.   TYPE          T1             T2             T3             R1             R2             R3
           101      G      0.0            0.0            3.833016E-15   0.0            1.000000E+00   0.0
1    MSC.NASTRAN JOB CREATED ON 31-MAR-21 AT 13:18:08   **STUDENT EDITION*    MARCH  31, 2021  MSC Nastran  8/ 4/20   PAGE    27
     PANDEO_1                                                                                                                       
0                                                                                                            SUBCASE 2              
      EIGENVALUE =  7.164843E+03
                               F O R C E S   O F   S I N G L E - P O I N T   C O N S T R A I N T
 
      POINT ID.   TYPE          T1             T2             T3             R1             R2             R3
             1      G      7.163783E+03   0.0            6.781973E-07   0.0            0.0            0.0
           101      G      7.163783E+03   0.0            0.0            0.0            0.0            0.0
1    MSC.NASTRAN JOB CREATED ON 31-MAR-21 AT 13:18:08   **STUDENT EDITION*    MARCH  31, 2021  MSC Nastran  8/ 4/20   PAGE    28
                                                                                                                                    
0                                                                                                            SUBCASE 2              
 * * * *  D B D I C T   P R I N T  * * * *      SUBDMAP = PRTSUM  ,  DMAP STATEMENT NO.     71



0                                   * * * *  A N A L Y S I S  S U M M A R Y  T A B L E  * * * *
0 SEID  PEID PROJ VERS APRCH      SEMG SEMR SEKR SELG SELR MODES DYNRED SOLLIN PVALID SOLNL LOOPID DESIGN CYCLE SENSITIVITY
 --------------------------------------------------------------------------------------------------------------------------
     0     0    1    1 '        '    T    T    T    T    T     T      F      T      0     F     -1            0           F
0SEID = SUPERELEMENT ID.
 PEID = PRIMARY SUPERELEMENT ID OF IMAGE SUPERELEMENT.
 PROJ = PROJECT ID NUMBER.
 VERS = VERSION ID.
 APRCH = BLANK FOR STRUCTURAL ANALYSIS.  HEAT FOR HEAT TRANSFER ANALYSIS.
 SEMG = STIFFNESS AND MASS MATRIX GENERATION STEP.
 SEMR = MASS MATRIX REDUCTION STEP (INCLUDES EIGENVALUE SOLUTION FOR MODES).
 SEKR = STIFFNESS MATRIX REDUCTION STEP.
 SELG = LOAD MATRIX GENERATION STEP.
 SELR = LOAD MATRIX REDUCTION STEP. 
 MODES = T (TRUE) IF NORMAL MODES OR BUCKLING MODES CALCULATED.
 DYNRED = T (TRUE) MEANS GENERALIZED DYNAMIC AND/OR COMPONENT MODE REDUCTION PERFORMED.
 SOLLIN = T (TRUE) IF LINEAR SOLUTION EXISTS IN DATABASE.
 PVALID = P-DISTRIBUTION ID OF P-VALUE FOR P-ELEMENTS
 LOOPID = THE LAST LOOPID VALUE USED IN THE NONLINEAR ANALYSIS.  USEFUL FOR RESTARTS.
 SOLNL = T (TRUE) IF NONLINEAR SOLUTION EXISTS IN DATABASE.
 DESIGN CYCLE = THE LAST DESIGN CYCLE (ONLY VALID IN OPTIMIZATION).
 SENSITIVITY = SENSITIVITY MATRIX GENERATION FLAG.
 
 No PARAM values were set in the Control File.
 
1                                        * * * END OF JOB * * *
 
 
 No Symbolic Replacement variables or values were specified.

