1
 
 
 
 
                      Warning: This computer program is protected by copyright law and international treaties.       
                  Unauthorized use, reproduction or distribution of this computer program, or any portion of it, may 
                                          result in severe civil and criminal penalties.                             
                         Copyright (C) 2020 MSC Software Corporation and its licensors. All rights reserved.         
 
 
                                              * * * * * * * * * * * * * * * * * * * *
                                              * * * * * * * * * * * * * * * * * * * *
                                              * *                                 * *
                                              * *           MSC Software          * *
                                              * *               CORP              * *
                                              * *                                 * *
                                              * *      M S C   N a s t r a n      * *
                                              * *                                 * *
                                              * *  S T U D E N T   E D I T I O N  * *
                                              * *                                 * *
                                              * *     Version 2020SP1-CL749017    * *
                                              * *                                 * *
                                              * *                                 * *
                                              * *                                 * *
                                              * *          AUG  4, 2020           * *
                                              * *                                 * *
                                              * *              Intel              * *
                                              * *MODEL Xeon/1819 (DESKTOP-NHC7R5K * *
                                              * *     Windows 10 Pro 6.2 9200     * *
                                              * * Compiled for 8664 (SINGLE Mode) * *
                                              * *                                 * *
                                              * * * * * * * * * * * * * * * * * * * *
                                              * * * * * * * * * * * * * * * * * * * *

 
 
                                                 This Student Edition version is  
                                                    valid until APR 30, 2022.     
 
 
                  This program is being distributed as part of the MSC Software Student Edition. Use of this program 
                     or its results at a commercial installation, for commercial purposes, or for production work    
                                             I S   S T R I C T L Y  P R O H I B I T E D.                             
                  ==================================== FOR EDUCATIONAL USE ONLY =====================================
 
 
1News file - July 31, 2020)
  
               Welcome to MSC Nastran 2020 Service Pack 1 (2020 SP1)
  
  
   MSC Nastran brings powerful new features and enhancements for engineering
   solutions.
  
     MSC Nastran 2020 SP1 corrects four defects, evident in version 2020,
     that concern the import of Nastran Embedded Fatigue and acoustic pressure
     results into Patran, corrects a licensing defect concerning the
     TABLRPC entry, and shell elements SFRP failure indicator output in
     the Digimat-to-SOL 400 MATDIGI interface.
  
     MSC Nastran 2020 SP1 Features and Enhancements
  
     Dynamics
     - Data recovery of Poroelastic material (PEM) trim parts interior grids.
     - New PLTSURF entry introduced for easier PEM parts coupling surface
       defintions.
     - Restart support for models with invariant PEM components.
     - Temperature dependency added for frequency dependent materials.
     - SOL 108 (direct frequency response) support added for models with PEM
       parts.
  
     Rotordynamics
     - New 2D Bush (CBUSH2DA) and Squeeze File Damper (NLRSFDA) user-defined
       subroutines enabled to include inertia & acceleration terms respectively.
     - Integration of user-defined squeeze file damper libraries.
     - Cross-coupling inertia terms specification for 2D Bush (CBUSH2D) element.
     - Frequency dependent 2D Bush (PBSH2DT) property with tabular input.
  
     Composites
     - Layered Solid and Solid-Shell elements available in linear solutions.
  
     Fatigue
     - Control of the number of angles to be analyzed when using critical plane
       analysis.
     - New stress/strain output requests via FATIGUE case control.
     - More control over the amound of results data returned at critical
       locations.
     - Significant performance improvement of SOL 112 duty cycle jobs.
     - Direct access to dynamic load data in multi-channel time histroy files via
       new TABLRPC entry.
  
     Topology Optimization
     - Anisotropic materials support added.
     - Over-hang constraints for additive manufacturing.
     - New DRESP2 response types: Magnigtude of Displacement and
       maximization of stiffness and frequency.
1 
     Nonlinear
     - Nonlinear Buckling available in SOL 400
     - Allow represtentation of imperfect structural geometry through
       use modification of grid coordinates based on displacements or
       modes from a previous run.
     - MATVE limitation of five scale factor/time constraint data pairs
       removed.
  
     HPC
     - CASI (Iterative) Solver support available for inertia relief analysis.
     - Faster Global Transformation Matrix for ACMS to speed up Nastran
       interface to MSC Adams and AVL EXCITE.
     - Improved GPU acceleration for FASTFR (Fast Frequency Response) and
       MPYAD for large models.
  
     Nastran HDF5
     - Support NLLOAD outputs in HDF5
     - Add KHH/MHH/BHH matrix output control
     - Support nonlinear buckling and imperfection outputs
     - Support layered solid and solid shell composite elements
  
  
     Documentation
     The complete documentation set is provided in a separate installer and
     when installed is available at: MSC_DOC_DIR/doc/pdf_nastran directory.
     Where MSC_DOC_DIR is the directory where documentation was installed
     This help set has cross references between documents, links to how-to
     videos, and example files.
  
     Individual MSC Nastran documents are available for download from the
       Simcompanion Website at:
       http://simcompanion.mscsoftware.com/
  
     These documents were updated for the MSC Nastran 2020 SP1 Release
  
         1.  Installation and Operations Guide
         2.  Quick Reference Guide
         3.  Release Guide
         4.  Linear Statics Analysis User's Guide
         5.  Dynamic Analysis User's Guide
         6.  Superelements User's Guide
         7.  Rotordynamics User's Guide
         8.  Demonstration Problems Manual
         9.  Nastran Embedded Fatigue User's Guide
        10.  Design Sensitivity and Optimization
        11.   Nonlinear User's Guide SOL 400
        12.  DMAP Programmer's Guide
        13.  High Performance Computing User's Guide
        14.  DEMATD Guide
1       15.  Explicit Nonlinear (SOL 700) User's Guide
  
   Please refer to  MSC_DOC_DIR/doc/pdf_nastran/nastran_library.pdf
   for the complete document set:
  
  
   Feature Deprecation List
   To streamline the MSC Nastran program and simplify ongoing maintenance
   activiy, some obsolete capabilities have been identified and tagged for
   removal from a future release of the program in late 2020. Please review
   the list of features marked for deprecation below to ensure that there
   will be no disruption to your use of MSC Nastran. If you see a feature
   that you currently use and do not wish to lose, contact MSC Technical
   Support to report it.
  
     Features tagged for removal:
     - P-elements
     - SOL 600 nonlinear solution sequence
     - Unstructured one- and two-digit solution sequences (e.g. SOL 3, SOL 24)
     - SOL 190 (DBTRANS)
     - TAUCS solver
     - MSGMESH
     - Obsolete DMAP modules
     - SSSALTERS
  
     Refer to the MSC Nastran 2020 Release Guide for more details.
  
  
   Additional information about the release can be found at the MSC Nastran
   Product Support page: http://simcompanion.mscsoftware.com
  
   The support page provides links to these valuable information:
      * A searchable Knowledge Base containing examples and answers to thousands
        of frequently asked questions written by MSC Software subject-matter
        experts.
      * Peer-to-peer Discussion Forums enabling you to post questions for your
        MSC Software products and receive answers from other users worldwide.
      * A list of known issues with the product and any workarounds.
      * Instructions on how to contact technical support
      * A mechanism for sending us product feedback or enhancement requests.
      * Hardware and software requirements.
      * Examples and Tutorials
      * and much more.
  
   For information on training, please visit our Training web site
  
      http://www.mscsoftware.com/Contents/Services/Training/
  
1                                                       **STUDENT EDITION*    APRIL   6, 2021  MSC Nastran  8/ 4/20   PAGE     1
                                                                                                                                    
0        N A S T R A N    F I L E    A N D    S Y S T E M    P A R A M E T E R    E C H O                                           
0                                                                                                                                   
                                                                                                                                    
                                                                                                                                    
     NASTRAN BUFFSIZE=8193 $(C:/PROGRAM FILES/MSC.SOFTWARE/NAPA_SE/2020/NASTRAN/CONF/
     $ MSC.NASTRAN INPUT FILE CREATED ON APRIL     06, 2021 AT 13:39:11 BY           
     $ PATRAN 2020  (STUDENT EDITION)                                                
     $ DIRECT TEXT INPUT FOR NASTRAN SYSTEM CELL SECTION                             
     $ DIRECT TEXT INPUT FOR FILE MANAGEMENT SECTION                                 
     $ DIRECT TEXT INPUT FOR EXECUTIVE CONTROL                                       
     $ BUCKLING ANALYSIS, DATABASE                                                   
1                                                       **STUDENT EDITION*    APRIL   6, 2021  MSC Nastran  8/ 4/20   PAGE     2
                                                                                                                                    
0        N A S T R A N    E X E C U T I V E    C O N T R O L    E C H O                                                             
0                                                                                                                                   
                                                                                                                                    
                                                                                                                                    
     SOL 105                                                                                 
     CEND                                                                                    
1    ESTUDIO CARGA CRITICA PANDEO SECCION 1             **STUDENT EDITION*    APRIL   6, 2021  MSC Nastran  8/ 4/20   PAGE     3
                                                                                                                                    
0                                                                                                                                   
0                                        C A S E    C O N T R O L    E C H O                                                        
                 COMMAND                                                                                                            
                 COUNT                                                                                                              
                  1      $ DIRECT TEXT INPUT FOR GLOBAL CASE CONTROL DATA                                        
                  2      TITLE = ESTUDIO CARGA CRITICA PANDEO SECCION 1                                          
                  3      ECHO = NONE                                                                             
                  4      SUBCASE 1                                                                               
                  5         SUBTITLE=PANDEO                                                                      
                  6         SPC = 2                                                                              
                  7         LOAD = 2                                                                             
                  8         SPCFORCES(SORT1,REAL)=ALL                                                            
                  9      SUBCASE 2                                                                               
                 10         SUBTITLE=PANDEO                                                                      
                 11         SPC = 2                                                                              
                 12         METHOD = 1                                                                           
                 13         VECTOR(PLOT,SORT1,REAL)=ALL                                                          
                 14         SPCFORCES(SORT1,REAL)=ALL                                                            
                 15         STATSUB = 1                                                                          
                 16      $ DIRECT TEXT INPUT FOR THIS SUBCASE                                                    
                 17      BEGIN BULK                                                                              
1    ESTUDIO CARGA CRITICA PANDEO SECCION 1             **STUDENT EDITION*    APRIL   6, 2021  MSC Nastran  8/ 4/20   PAGE     4
                                                                                                                                    
0                                                                                                                                   
                                        M O D E L   S U M M A R Y          BULK = 0
                                   ENTRY NAME        NUMBER OF ENTRIES
                                   ----------        -----------------
                                         CBAR                      100
                                        EIGRL                        1
                                        FORCE                        1
                                         GRID                      101
                                         LOAD                        1
                                         MAT1                        1
                                        PARAM                        2
                                        PBARL                        1
                                         SPC1                        2
                                       SPCADD                        1

 ^^^     
 ^^^ >>> IFP OPERATIONS COMPLETE <<< 
 ^^^     
1    ESTUDIO CARGA CRITICA PANDEO SECCION 1             **STUDENT EDITION*    APRIL   6, 2021  MSC Nastran  8/ 4/20   PAGE     5
                                                                                                                                    
0                                                                                                                                   
 *** USER INFORMATION MESSAGE 7310 (VECPRN)
     ORIGIN OF SUPERELEMENT OR MODULE BASIC COORDINATE SYSTEM WILL BE USED AS REFERENCE LOCATION.
     RESULTANTS ABOUT ORIGIN OF SUPERELEMENT OR MODULE BASIC COORDINATE SYSTEM IN SUPERELEMENT OR MODULE
     BASIC SYSTEM COORDINATES.
0                                                  OLOAD    RESULTANT       
  SUBCASE/    LOAD
  DAREA ID    TYPE       T1            T2            T3            R1            R2            R3
0        1     FX    0.000000E+00     ----          ----          ----       0.000000E+00  0.000000E+00                             
               FY       ----       0.000000E+00     ----       0.000000E+00     ----       0.000000E+00                             
               FZ       ----          ----      -1.000000E+00  0.000000E+00  0.000000E+00     ----                                  
               MX       ----          ----          ----       0.000000E+00     ----          ----                                  
               MY       ----          ----          ----          ----       0.000000E+00     ----                                  
               MZ       ----          ----          ----          ----          ----       0.000000E+00                             
             TOTALS  0.000000E+00  0.000000E+00 -1.000000E+00  0.000000E+00  0.000000E+00  0.000000E+00
1    ESTUDIO CARGA CRITICA PANDEO SECCION 1             **STUDENT EDITION*    APRIL   6, 2021  MSC Nastran  8/ 4/20   PAGE     6
                                                                                                                                    
0                                                                                                                                   
 *** USER INFORMATION MESSAGE 7310 (VECPRN)
     ORIGIN OF SUPERELEMENT OR MODULE BASIC COORDINATE SYSTEM WILL BE USED AS REFERENCE LOCATION.
     RESULTANTS ABOUT ORIGIN OF SUPERELEMENT OR MODULE BASIC COORDINATE SYSTEM IN SUPERELEMENT OR MODULE
     BASIC SYSTEM COORDINATES.
0                                                  OLOAD    RESULTANT       
  SUBCASE/    LOAD
  DAREA ID    TYPE       T1            T2            T3            R1            R2            R3
0        2     FX    0.000000E+00     ----          ----          ----       0.000000E+00  0.000000E+00                             
               FY       ----       0.000000E+00     ----       0.000000E+00     ----       0.000000E+00                             
               FZ       ----          ----       0.000000E+00  0.000000E+00  0.000000E+00     ----                                  
               MX       ----          ----          ----       0.000000E+00     ----          ----                                  
               MY       ----          ----          ----          ----       0.000000E+00     ----                                  
               MZ       ----          ----          ----          ----          ----       0.000000E+00                             
             TOTALS  0.000000E+00  0.000000E+00  0.000000E+00  0.000000E+00  0.000000E+00  0.000000E+00
  
 *** SYSTEM INFORMATION MESSAGE 4159 (DFMSA)
     THE DECOMPOSITION OF KLL      YIELDS A MAXIMUM MATRIX-TO-FACTOR-DIAGONAL RATIO OF    1.333174E+03
1    ESTUDIO CARGA CRITICA PANDEO SECCION 1             **STUDENT EDITION*    APRIL   6, 2021  MSC Nastran  8/ 4/20   PAGE     7
                                                                                                                                    
0                                                                                                            SUBCASE 1              
 *** USER INFORMATION MESSAGE 5293 (SSG3A)
    FOR DATA BLOCK KLL     
    LOAD SEQ. NO.             EPSILON              EXTERNAL WORK      EPSILONS LARGER THAN 0.001 ARE FLAGGED WITH ASTERISKS
                1         -3.4746681E-14          1.9341589E-08
1    ESTUDIO CARGA CRITICA PANDEO SECCION 1             **STUDENT EDITION*    APRIL   6, 2021  MSC Nastran  8/ 4/20   PAGE     8
                                                                                                                                    
0                                                                                                                                   
 *** USER INFORMATION MESSAGE 7310 (VECPRN)
     ORIGIN OF SUPERELEMENT OR MODULE BASIC COORDINATE SYSTEM WILL BE USED AS REFERENCE LOCATION.
     RESULTANTS ABOUT ORIGIN OF SUPERELEMENT OR MODULE BASIC COORDINATE SYSTEM IN SUPERELEMENT OR MODULE
     BASIC SYSTEM COORDINATES.
0                                                  SPCFORCE RESULTANT       
  SUBCASE/    LOAD
  DAREA ID    TYPE       T1            T2            T3            R1            R2            R3
0        1     FX    0.000000E+00     ----          ----          ----       0.000000E+00  0.000000E+00                             
               FY       ----       0.000000E+00     ----       0.000000E+00     ----       0.000000E+00                             
               FZ       ----          ----       1.000000E+00  0.000000E+00  0.000000E+00     ----                                  
               MX       ----          ----          ----       0.000000E+00     ----          ----                                  
               MY       ----          ----          ----          ----       0.000000E+00     ----                                  
               MZ       ----          ----          ----          ----          ----       0.000000E+00                             
             TOTALS  0.000000E+00  0.000000E+00  1.000000E+00  0.000000E+00  0.000000E+00  0.000000E+00
1    ESTUDIO CARGA CRITICA PANDEO SECCION 1             **STUDENT EDITION*    APRIL   6, 2021  MSC Nastran  8/ 4/20   PAGE     9
                                                                                                                                    
0                                                                                                                                   
0                                                  MAXIMUM  SPCFORCES       
  SUBCASE/
  DAREA ID        T1             T2             T3             R1             R2             R3
0        1   0.0000000E+00  0.0000000E+00  1.0000000E+00  0.0000000E+00  0.0000000E+00  0.0000000E+00
1    ESTUDIO CARGA CRITICA PANDEO SECCION 1             **STUDENT EDITION*    APRIL   6, 2021  MSC Nastran  8/ 4/20   PAGE    10
                                                                                                                                    
0                                                                                                                                   
0                                                  MAXIMUM  DISPLACEMENTS   
  SUBCASE/
  DAREA ID        T1             T2             T3             R1             R2             R3
0        1   0.0000000E+00  0.0000000E+00  3.8683179E-08  0.0000000E+00  0.0000000E+00  0.0000000E+00
1    ESTUDIO CARGA CRITICA PANDEO SECCION 1             **STUDENT EDITION*    APRIL   6, 2021  MSC Nastran  8/ 4/20   PAGE    11
                                                                                                                                    
0                                                                                                                                   
0                                                  MAXIMUM  APPLIED LOADS   
  SUBCASE/
  DAREA ID        T1             T2             T3             R1             R2             R3
0        1   0.0000000E+00  0.0000000E+00  1.0000000E+00  0.0000000E+00  0.0000000E+00  0.0000000E+00
1    ESTUDIO CARGA CRITICA PANDEO SECCION 1             **STUDENT EDITION*    APRIL   6, 2021  MSC Nastran  8/ 4/20   PAGE    12
     PANDEO                                                                                                                         
0                                                                                                            SUBCASE 1              
 
                               F O R C E S   O F   S I N G L E - P O I N T   C O N S T R A I N T
 
      POINT ID.   TYPE          T1             T2             T3             R1             R2             R3
             1      G      0.0            0.0            1.000000E+00   0.0            0.0            0.0
 ^^^     
 *** USER INFORMATION MESSAGE 22713 (SUBDMAP SEKDR)
     PARAMETER EXCLUDE IS NOT DEFINED DIFFERENTIAL STIFFNESS IS COMPUTED FOR ALL ELEMENTS.
 ^^^     
 *** USER INFORMATION MESSAGE 5010 (LNCILS)
     STURM SEQUENCE DATA FOR EIGENVALUE EXTRACTION.
     TRIAL EIGENVALUE = -6.447875D+03, CYCLES = 1.277993D+01 THE STURM COUNT = 0
 *** USER INFORMATION MESSAGE 5010 (LNCILS)
     STURM SEQUENCE DATA FOR EIGENVALUE EXTRACTION.
     TRIAL EIGENVALUE = -2.077717D+04, CYCLES = 2.294105D+01 THE STURM COUNT = 0
  
 *** USER INFORMATION MESSAGE 4158 (DFMSA)
 ---- STATISTICS FOR SPARSE DECOMPOSITION OF DATA BLOCK SCRATCH  FOLLOW
        NUMBER OF NEGATIVE TERMS ON FACTOR DIAGONAL =      2
        MAXIMUM RATIO OF MATRIX DIAGONAL TO FACTOR DIAGONAL =  3.0E+07 AT ROW NUMBER         73
 *** USER WARNING MESSAGE 4698 (DCMPD)
     STATISTICS FOR DECOMPOSITION OF MATRIX SCRATCH.
     THE FOLLOWING DEGREES OF FREEDOM HAVE FACTOR DIAGONAL RATIOS GREATER THAN
     1.000000E+07 OR HAVE NEGATIVE TERMS ON THE FACTOR DIAGONAL.
     USER INFORMATION:
     THIS MESSAGE MAY BE IGNORED IF NO GRID POINT IDS OR HIGH RATIO MESSAGES APPEAR IN THE TABLE ON THE NEXT PAGE.
1    ESTUDIO CARGA CRITICA PANDEO SECCION 1             **STUDENT EDITION*    APRIL   6, 2021  MSC Nastran  8/ 4/20   PAGE    13
                                                                                                                                    
0                                                                                                            SUBCASE 2              
0                                                                                                                                   
         GRID POINT ID       DEGREE OF FREEDOM   MATRIX/FACTOR DIAGONAL RATIO        MATRIX DIAGONAL                                
                                                                                                                                    
              13                    R1                  -3.01940E+07                   9.99898E-01
              13                    R2                  -3.03400E+07                   9.99898E-01
 *** USER INFORMATION MESSAGE 5010 (LNCILS)
     STURM SEQUENCE DATA FOR EIGENVALUE EXTRACTION.
     TRIAL EIGENVALUE = 7.164656D+03, CYCLES = 1.347156D+01 THE STURM COUNT = 2

 TABLE OF SHIFTS:  (LNNRIGL)
 SHIFT #        SHIFT VALUE         FREQUENCY, CYCLES     # EIGENVALUES BELOW    # NEW EIGENVALUES FOUND
     1.       -6.4478754E+03         -1.2779929E+01                 0                        2
     2.       -2.0777167E+04         -2.2941050E+01                 0                        0
     3.        7.1646564E+03          1.3471558E+01                 2                        0

1    ESTUDIO CARGA CRITICA PANDEO SECCION 1             **STUDENT EDITION*    APRIL   6, 2021  MSC Nastran  8/ 4/20   PAGE    14
                                                                                                                                    
0                                                                                                            SUBCASE 2              
0


                          E I G E N V A L U E  A N A L Y S I S   S U M M A R Y   (READ MODULE) 



                                     BLOCK SIZE USED ......................     2

                                     NUMBER OF DECOMPOSITIONS .............     3

                                     NUMBER OF ROOTS FOUND ................     1

                                     NUMBER OF SOLVES REQUIRED ............    29

1    ESTUDIO CARGA CRITICA PANDEO SECCION 1             **STUDENT EDITION*    APRIL   6, 2021  MSC Nastran  8/ 4/20   PAGE    15
                                                                                                                                    
0                                                                                                            SUBCASE 2              
 
                                              R E A L   E I G E N V A L U E S
   MODE    EXTRACTION      EIGENVALUE            RADIANS             CYCLES            GENERALIZED         GENERALIZED
    NO.       ORDER                                                                       MASS              STIFFNESS
        1         1        7.164646E+03        8.464423E+01        1.347155E+01        5.508664E-01        3.946762E+03
1    ESTUDIO CARGA CRITICA PANDEO SECCION 1             **STUDENT EDITION*    APRIL   6, 2021  MSC Nastran  8/ 4/20   PAGE    16
     PANDEO                                                                                                                         
0                                                                                                            SUBCASE 2              
      EIGENVALUE =  7.164646E+03
                               F O R C E S   O F   S I N G L E - P O I N T   C O N S T R A I N T
 
      POINT ID.   TYPE          T1             T2             T3             R1             R2             R3
             1      G      2.194420E+01   7.170312E+03  -8.529328E-08   0.0            0.0            1.358705E-09
           101      G      2.194420E+01   7.170312E+03   0.0            0.0            0.0            0.0
1    ESTUDIO CARGA CRITICA PANDEO SECCION 1             **STUDENT EDITION*    APRIL   6, 2021  MSC Nastran  8/ 4/20   PAGE    17
                                                                                                                                    
0                                                                                                            SUBCASE 2              
 * * * *  D B D I C T   P R I N T  * * * *      SUBDMAP = PRTSUM  ,  DMAP STATEMENT NO.     71



0                                   * * * *  A N A L Y S I S  S U M M A R Y  T A B L E  * * * *
0 SEID  PEID PROJ VERS APRCH      SEMG SEMR SEKR SELG SELR MODES DYNRED SOLLIN PVALID SOLNL LOOPID DESIGN CYCLE SENSITIVITY
 --------------------------------------------------------------------------------------------------------------------------
     0     0    1    1 '        '    T    T    T    T    T     T      F      T      0     F     -1            0           F
0SEID = SUPERELEMENT ID.
 PEID = PRIMARY SUPERELEMENT ID OF IMAGE SUPERELEMENT.
 PROJ = PROJECT ID NUMBER.
 VERS = VERSION ID.
 APRCH = BLANK FOR STRUCTURAL ANALYSIS.  HEAT FOR HEAT TRANSFER ANALYSIS.
 SEMG = STIFFNESS AND MASS MATRIX GENERATION STEP.
 SEMR = MASS MATRIX REDUCTION STEP (INCLUDES EIGENVALUE SOLUTION FOR MODES).
 SEKR = STIFFNESS MATRIX REDUCTION STEP.
 SELG = LOAD MATRIX GENERATION STEP.
 SELR = LOAD MATRIX REDUCTION STEP. 
 MODES = T (TRUE) IF NORMAL MODES OR BUCKLING MODES CALCULATED.
 DYNRED = T (TRUE) MEANS GENERALIZED DYNAMIC AND/OR COMPONENT MODE REDUCTION PERFORMED.
 SOLLIN = T (TRUE) IF LINEAR SOLUTION EXISTS IN DATABASE.
 PVALID = P-DISTRIBUTION ID OF P-VALUE FOR P-ELEMENTS
 LOOPID = THE LAST LOOPID VALUE USED IN THE NONLINEAR ANALYSIS.  USEFUL FOR RESTARTS.
 SOLNL = T (TRUE) IF NONLINEAR SOLUTION EXISTS IN DATABASE.
 DESIGN CYCLE = THE LAST DESIGN CYCLE (ONLY VALID IN OPTIMIZATION).
 SENSITIVITY = SENSITIVITY MATRIX GENERATION FLAG.
 
 No PARAM values were set in the Control File.
 
1                                        * * * END OF JOB * * *
 
 
 No Symbolic Replacement variables or values were specified.

